2016-11-21 19:59:24,739  INFO Application:48 - Starting Application on PC-20160526KGVV with PID 22504 (E:\GitHub\SmsServer\target\classes started by Administrator in E:\GitHub\SmsServer)
2016-11-21 19:59:24,741  INFO Application:666 - No active profile set, falling back to default profiles: default
2016-11-21 19:59:24,780  INFO AnnotationConfigEmbeddedWebApplicationContext:578 - Refreshing org.springframework.boot.context.embedded.AnnotationConfigEmbeddedWebApplicationContext@736168b1: startup date [Mon Nov 21 19:59:24 CST 2016]; root of context hierarchy
2016-11-21 19:59:25,441  INFO DefaultListableBeanFactory:839 - Overriding bean definition for bean 'beanNameViewResolver' with a different definition: replacing [Root bean: class [null]; scope=; abstract=false; lazyInit=false; autowireMode=3; dependencyCheck=0; autowireCandidate=true; primary=false; factoryBeanName=org.springframework.boot.autoconfigure.web.ErrorMvcAutoConfiguration$WhitelabelErrorViewConfiguration; factoryMethodName=beanNameViewResolver; initMethodName=null; destroyMethodName=(inferred); defined in class path resource [org/springframework/boot/autoconfigure/web/ErrorMvcAutoConfiguration$WhitelabelErrorViewConfiguration.class]] with [Root bean: class [null]; scope=; abstract=false; lazyInit=false; autowireMode=3; dependencyCheck=0; autowireCandidate=true; primary=false; factoryBeanName=org.springframework.boot.autoconfigure.web.WebMvcAutoConfiguration$WebMvcAutoConfigurationAdapter; factoryMethodName=beanNameViewResolver; initMethodName=null; destroyMethodName=(inferred); defined in class path resource [org/springframework/boot/autoconfigure/web/WebMvcAutoConfiguration$WebMvcAutoConfigurationAdapter.class]]
2016-11-21 19:59:25,799  INFO PostProcessorRegistrationDelegate$BeanPostProcessorChecker:328 - Bean 'org.springframework.transaction.annotation.ProxyTransactionManagementConfiguration' of type [class org.springframework.transaction.annotation.ProxyTransactionManagementConfiguration$$EnhancerBySpringCGLIB$$f2191823] is not eligible for getting processed by all BeanPostProcessors (for example: not eligible for auto-proxying)
2016-11-21 19:59:26,205  INFO TomcatEmbeddedServletContainer:81 - Tomcat initialized with port(s): 8080 (http)
2016-11-21 19:59:26,215  INFO StandardService:180 - Starting service Tomcat
2016-11-21 19:59:26,216  INFO StandardEngine:180 - Starting Servlet Engine: Apache Tomcat/8.0.32
2016-11-21 19:59:26,298  INFO [/]:180 - Initializing Spring embedded WebApplicationContext
2016-11-21 19:59:26,299  INFO ContextLoader:272 - Root WebApplicationContext: initialization completed in 1522 ms
2016-11-21 19:59:26,562  INFO ServletRegistrationBean:189 - Mapping servlet: 'dispatcherServlet' to [/]
2016-11-21 19:59:26,566  INFO FilterRegistrationBean:258 - Mapping filter: 'characterEncodingFilter' to: [/*]
2016-11-21 19:59:26,566  INFO FilterRegistrationBean:258 - Mapping filter: 'hiddenHttpMethodFilter' to: [/*]
2016-11-21 19:59:26,566  INFO FilterRegistrationBean:258 - Mapping filter: 'httpPutFormContentFilter' to: [/*]
2016-11-21 19:59:26,567  INFO FilterRegistrationBean:258 - Mapping filter: 'requestContextFilter' to: [/*]
2016-11-21 19:59:27,132  INFO RequestMappingHandlerMapping:534 - Mapped "{[/v1/phone/install],methods=[GET]}" onto public com.server.sms.json.JsonBean com.server.sms.controller.PhoneController.appInstall(java.lang.String,java.lang.String)
2016-11-21 19:59:27,133  INFO RequestMappingHandlerMapping:534 - Mapped "{[/v1/phone/delete],methods=[GET]}" onto public com.server.sms.json.JsonBean com.server.sms.controller.PhoneController.appDelete(java.lang.String,java.lang.String)
2016-11-21 19:59:27,134  INFO RequestMappingHandlerMapping:534 - Mapped "{[/v1/phone/sms],methods=[POST]}" onto public com.server.sms.json.JsonBean com.server.sms.controller.PhoneController.smsPOST(java.lang.String,java.lang.String,java.lang.String,long,java.lang.String)
2016-11-21 19:59:27,136  INFO RequestMappingHandlerMapping:534 - Mapped "{[/v1/manager_users/password_check],methods=[GET]}" onto public com.server.sms.json.JsonBean com.server.sms.controller.UserController.PasswordCheck(java.lang.String,java.lang.String)
2016-11-21 19:59:27,136  INFO RequestMappingHandlerMapping:534 - Mapped "{[/v1/manager_users/password],methods=[GET]}" onto public com.server.sms.json.JsonBean com.server.sms.controller.UserController.Password(java.lang.String,java.lang.String)
2016-11-21 19:59:27,136  INFO RequestMappingHandlerMapping:534 - Mapped "{[/v1/manager_users/reset_password],methods=[POST]}" onto public com.server.sms.json.JsonBean com.server.sms.controller.UserController.ResetPassword(java.lang.String,java.lang.String)
2016-11-21 19:59:27,137  INFO RequestMappingHandlerMapping:534 - Mapped "{[/v1/manager_users/logout],methods=[POST]}" onto public com.server.sms.json.JsonBean com.server.sms.controller.UserController.LogOut(java.lang.String)
2016-11-21 19:59:27,137  INFO RequestMappingHandlerMapping:534 - Mapped "{[/v1/manager_users/token_check],methods=[GET]}" onto public com.server.sms.json.JsonBean com.server.sms.controller.UserController.TokenCheck(java.lang.String)
2016-11-21 19:59:27,139  INFO RequestMappingHandlerMapping:534 - Mapped "{[/v1/user_phone/sms/imei],methods=[POST]}" onto public com.server.sms.json.JsonBean com.server.sms.controller.UserPhoneController.smsPOST(java.lang.String,java.lang.String,java.lang.String,long,java.lang.String)
2016-11-21 19:59:27,139  INFO RequestMappingHandlerMapping:534 - Mapped "{[/v1/user_phone/phone],methods=[GET]}" onto public com.server.sms.json.JsonBean com.server.sms.controller.UserPhoneController.phones(java.lang.String,java.lang.String)
2016-11-21 19:59:27,139  INFO RequestMappingHandlerMapping:534 - Mapped "{[/v1/user_phone/phone],methods=[PUT]}" onto public com.server.sms.json.JsonBean com.server.sms.controller.UserPhoneController.phonesEdit(java.lang.String,java.lang.String,java.lang.String,java.lang.String)
2016-11-21 19:59:27,139  INFO RequestMappingHandlerMapping:534 - Mapped "{[/v1/user_phone/phones],methods=[GET]}" onto public com.server.sms.json.JsonBean com.server.sms.controller.UserPhoneController.phonesAll(java.lang.String)
2016-11-21 19:59:27,140  WARN AnnotationConfigEmbeddedWebApplicationContext:546 - Exception encountered during context initialization - cancelling refresh attempt: org.springframework.beans.factory.UnsatisfiedDependencyException: Error creating bean with name 'documentationPluginsBootstrapper' defined in URL [jar:file:/C:/Users/Administrator/.m2/repository/io/springfox/springfox-spring-web/2.4.0/springfox-spring-web-2.4.0.jar!/springfox/documentation/spring/web/plugins/DocumentationPluginsBootstrapper.class]: Unsatisfied dependency expressed through constructor argument with index 1 of type [java.util.List]: Error creating bean with name 'webMvcRequestHandlerProvider' defined in URL [jar:file:/C:/Users/Administrator/.m2/repository/io/springfox/springfox-spring-web/2.4.0/springfox-spring-web-2.4.0.jar!/springfox/documentation/spring/web/plugins/WebMvcRequestHandlerProvider.class]: Unsatisfied dependency expressed through constructor argument with index 0 of type [java.util.List]: Error creating bean with name 'requestMappingHandlerMapping' defined in class path resource [org/springframework/boot/autoconfigure/web/WebMvcAutoConfiguration$EnableWebMvcConfiguration.class]: Invocation of init method failed; nested exception is java.lang.IllegalStateException: Ambiguous mapping. Cannot map 'userPhoneController' method 
public com.server.sms.json.JsonBean com.server.sms.controller.UserPhoneController.phonesDelete(java.lang.String,java.lang.String)
to {[/v1/user_phone/phone],methods=[PUT]}: There is already 'userPhoneController' bean method
public com.server.sms.json.JsonBean com.server.sms.controller.UserPhoneController.phonesEdit(java.lang.String,java.lang.String,java.lang.String,java.lang.String) mapped.; nested exception is org.springframework.beans.factory.BeanCreationException: Error creating bean with name 'requestMappingHandlerMapping' defined in class path resource [org/springframework/boot/autoconfigure/web/WebMvcAutoConfiguration$EnableWebMvcConfiguration.class]: Invocation of init method failed; nested exception is java.lang.IllegalStateException: Ambiguous mapping. Cannot map 'userPhoneController' method 
public com.server.sms.json.JsonBean com.server.sms.controller.UserPhoneController.phonesDelete(java.lang.String,java.lang.String)
to {[/v1/user_phone/phone],methods=[PUT]}: There is already 'userPhoneController' bean method
public com.server.sms.json.JsonBean com.server.sms.controller.UserPhoneController.phonesEdit(java.lang.String,java.lang.String,java.lang.String,java.lang.String) mapped.; nested exception is org.springframework.beans.factory.UnsatisfiedDependencyException: Error creating bean with name 'webMvcRequestHandlerProvider' defined in URL [jar:file:/C:/Users/Administrator/.m2/repository/io/springfox/springfox-spring-web/2.4.0/springfox-spring-web-2.4.0.jar!/springfox/documentation/spring/web/plugins/WebMvcRequestHandlerProvider.class]: Unsatisfied dependency expressed through constructor argument with index 0 of type [java.util.List]: Error creating bean with name 'requestMappingHandlerMapping' defined in class path resource [org/springframework/boot/autoconfigure/web/WebMvcAutoConfiguration$EnableWebMvcConfiguration.class]: Invocation of init method failed; nested exception is java.lang.IllegalStateException: Ambiguous mapping. Cannot map 'userPhoneController' method 
public com.server.sms.json.JsonBean com.server.sms.controller.UserPhoneController.phonesDelete(java.lang.String,java.lang.String)
to {[/v1/user_phone/phone],methods=[PUT]}: There is already 'userPhoneController' bean method
public com.server.sms.json.JsonBean com.server.sms.controller.UserPhoneController.phonesEdit(java.lang.String,java.lang.String,java.lang.String,java.lang.String) mapped.; nested exception is org.springframework.beans.factory.BeanCreationException: Error creating bean with name 'requestMappingHandlerMapping' defined in class path resource [org/springframework/boot/autoconfigure/web/WebMvcAutoConfiguration$EnableWebMvcConfiguration.class]: Invocation of init method failed; nested exception is java.lang.IllegalStateException: Ambiguous mapping. Cannot map 'userPhoneController' method 
public com.server.sms.json.JsonBean com.server.sms.controller.UserPhoneController.phonesDelete(java.lang.String,java.lang.String)
to {[/v1/user_phone/phone],methods=[PUT]}: There is already 'userPhoneController' bean method
public com.server.sms.json.JsonBean com.server.sms.controller.UserPhoneController.phonesEdit(java.lang.String,java.lang.String,java.lang.String,java.lang.String) mapped.
2016-11-21 19:59:27,144  INFO StandardService:180 - Stopping service Tomcat
2016-11-21 19:59:27,149  WARN WebappClassLoaderBase:180 - The web application [ROOT] appears to have started a thread named [Abandoned connection cleanup thread] but has failed to stop it. This is very likely to create a memory leak. Stack trace of thread:
 java.lang.Object.wait(Native Method)
 java.lang.ref.ReferenceQueue.remove(ReferenceQueue.java:143)
 java.lang.ref.ReferenceQueue.remove(ReferenceQueue.java:164)
 com.mysql.jdbc.NonRegisteringDriver$1.run(NonRegisteringDriver.java:93)
2016-11-21 19:59:27,153 ERROR SpringApplication:827 - Application startup failed
org.springframework.beans.factory.UnsatisfiedDependencyException: Error creating bean with name 'documentationPluginsBootstrapper' defined in URL [jar:file:/C:/Users/Administrator/.m2/repository/io/springfox/springfox-spring-web/2.4.0/springfox-spring-web-2.4.0.jar!/springfox/documentation/spring/web/plugins/DocumentationPluginsBootstrapper.class]: Unsatisfied dependency expressed through constructor argument with index 1 of type [java.util.List]: Error creating bean with name 'webMvcRequestHandlerProvider' defined in URL [jar:file:/C:/Users/Administrator/.m2/repository/io/springfox/springfox-spring-web/2.4.0/springfox-spring-web-2.4.0.jar!/springfox/documentation/spring/web/plugins/WebMvcRequestHandlerProvider.class]: Unsatisfied dependency expressed through constructor argument with index 0 of type [java.util.List]: Error creating bean with name 'requestMappingHandlerMapping' defined in class path resource [org/springframework/boot/autoconfigure/web/WebMvcAutoConfiguration$EnableWebMvcConfiguration.class]: Invocation of init method failed; nested exception is java.lang.IllegalStateException: Ambiguous mapping. Cannot map 'userPhoneController' method 
public com.server.sms.json.JsonBean com.server.sms.controller.UserPhoneController.phonesDelete(java.lang.String,java.lang.String)
to {[/v1/user_phone/phone],methods=[PUT]}: There is already 'userPhoneController' bean method
public com.server.sms.json.JsonBean com.server.sms.controller.UserPhoneController.phonesEdit(java.lang.String,java.lang.String,java.lang.String,java.lang.String) mapped.; nested exception is org.springframework.beans.factory.BeanCreationException: Error creating bean with name 'requestMappingHandlerMapping' defined in class path resource [org/springframework/boot/autoconfigure/web/WebMvcAutoConfiguration$EnableWebMvcConfiguration.class]: Invocation of init method failed; nested exception is java.lang.IllegalStateException: Ambiguous mapping. Cannot map 'userPhoneController' method 
public com.server.sms.json.JsonBean com.server.sms.controller.UserPhoneController.phonesDelete(java.lang.String,java.lang.String)
to {[/v1/user_phone/phone],methods=[PUT]}: There is already 'userPhoneController' bean method
public com.server.sms.json.JsonBean com.server.sms.controller.UserPhoneController.phonesEdit(java.lang.String,java.lang.String,java.lang.String,java.lang.String) mapped.; nested exception is org.springframework.beans.factory.UnsatisfiedDependencyException: Error creating bean with name 'webMvcRequestHandlerProvider' defined in URL [jar:file:/C:/Users/Administrator/.m2/repository/io/springfox/springfox-spring-web/2.4.0/springfox-spring-web-2.4.0.jar!/springfox/documentation/spring/web/plugins/WebMvcRequestHandlerProvider.class]: Unsatisfied dependency expressed through constructor argument with index 0 of type [java.util.List]: Error creating bean with name 'requestMappingHandlerMapping' defined in class path resource [org/springframework/boot/autoconfigure/web/WebMvcAutoConfiguration$EnableWebMvcConfiguration.class]: Invocation of init method failed; nested exception is java.lang.IllegalStateException: Ambiguous mapping. Cannot map 'userPhoneController' method 
public com.server.sms.json.JsonBean com.server.sms.controller.UserPhoneController.phonesDelete(java.lang.String,java.lang.String)
to {[/v1/user_phone/phone],methods=[PUT]}: There is already 'userPhoneController' bean method
public com.server.sms.json.JsonBean com.server.sms.controller.UserPhoneController.phonesEdit(java.lang.String,java.lang.String,java.lang.String,java.lang.String) mapped.; nested exception is org.springframework.beans.factory.BeanCreationException: Error creating bean with name 'requestMappingHandlerMapping' defined in class path resource [org/springframework/boot/autoconfigure/web/WebMvcAutoConfiguration$EnableWebMvcConfiguration.class]: Invocation of init method failed; nested exception is java.lang.IllegalStateException: Ambiguous mapping. Cannot map 'userPhoneController' method 
public com.server.sms.json.JsonBean com.server.sms.controller.UserPhoneController.phonesDelete(java.lang.String,java.lang.String)
to {[/v1/user_phone/phone],methods=[PUT]}: There is already 'userPhoneController' bean method
public com.server.sms.json.JsonBean com.server.sms.controller.UserPhoneController.phonesEdit(java.lang.String,java.lang.String,java.lang.String,java.lang.String) mapped.
	at org.springframework.beans.factory.support.ConstructorResolver.createArgumentArray(ConstructorResolver.java:749)
	at org.springframework.beans.factory.support.ConstructorResolver.autowireConstructor(ConstructorResolver.java:185)
	at org.springframework.beans.factory.support.AbstractAutowireCapableBeanFactory.autowireConstructor(AbstractAutowireCapableBeanFactory.java:1143)
	at org.springframework.beans.factory.support.AbstractAutowireCapableBeanFactory.createBeanInstance(AbstractAutowireCapableBeanFactory.java:1046)
	at org.springframework.beans.factory.support.AbstractAutowireCapableBeanFactory.doCreateBean(AbstractAutowireCapableBeanFactory.java:510)
	at org.springframework.beans.factory.support.AbstractAutowireCapableBeanFactory.createBean(AbstractAutowireCapableBeanFactory.java:482)
	at org.springframework.beans.factory.support.AbstractBeanFactory$1.getObject(AbstractBeanFactory.java:306)
	at org.springframework.beans.factory.support.DefaultSingletonBeanRegistry.getSingleton(DefaultSingletonBeanRegistry.java:230)
	at org.springframework.beans.factory.support.AbstractBeanFactory.doGetBean(AbstractBeanFactory.java:302)
	at org.springframework.beans.factory.support.AbstractBeanFactory.getBean(AbstractBeanFactory.java:197)
	at org.springframework.beans.factory.support.DefaultListableBeanFactory.preInstantiateSingletons(DefaultListableBeanFactory.java:772)
	at org.springframework.context.support.AbstractApplicationContext.finishBeanFactoryInitialization(AbstractApplicationContext.java:839)
	at org.springframework.context.support.AbstractApplicationContext.refresh(AbstractApplicationContext.java:538)
	at org.springframework.boot.context.embedded.EmbeddedWebApplicationContext.refresh(EmbeddedWebApplicationContext.java:118)
	at org.springframework.boot.SpringApplication.refresh(SpringApplication.java:766)
	at org.springframework.boot.SpringApplication.createAndRefreshContext(SpringApplication.java:361)
	at org.springframework.boot.SpringApplication.run(SpringApplication.java:307)
	at org.springframework.boot.SpringApplication.run(SpringApplication.java:1191)
	at org.springframework.boot.SpringApplication.run(SpringApplication.java:1180)
	at com.server.sms.Application.main(Application.java:17)
	at sun.reflect.NativeMethodAccessorImpl.invoke0(Native Method)
	at sun.reflect.NativeMethodAccessorImpl.invoke(NativeMethodAccessorImpl.java:62)
	at sun.reflect.DelegatingMethodAccessorImpl.invoke(DelegatingMethodAccessorImpl.java:43)
	at java.lang.reflect.Method.invoke(Method.java:498)
	at org.springframework.boot.maven.AbstractRunMojo$LaunchRunner.run(AbstractRunMojo.java:478)
	at java.lang.Thread.run(Thread.java:745)
Caused by: org.springframework.beans.factory.UnsatisfiedDependencyException: Error creating bean with name 'webMvcRequestHandlerProvider' defined in URL [jar:file:/C:/Users/Administrator/.m2/repository/io/springfox/springfox-spring-web/2.4.0/springfox-spring-web-2.4.0.jar!/springfox/documentation/spring/web/plugins/WebMvcRequestHandlerProvider.class]: Unsatisfied dependency expressed through constructor argument with index 0 of type [java.util.List]: Error creating bean with name 'requestMappingHandlerMapping' defined in class path resource [org/springframework/boot/autoconfigure/web/WebMvcAutoConfiguration$EnableWebMvcConfiguration.class]: Invocation of init method failed; nested exception is java.lang.IllegalStateException: Ambiguous mapping. Cannot map 'userPhoneController' method 
public com.server.sms.json.JsonBean com.server.sms.controller.UserPhoneController.phonesDelete(java.lang.String,java.lang.String)
to {[/v1/user_phone/phone],methods=[PUT]}: There is already 'userPhoneController' bean method
public com.server.sms.json.JsonBean com.server.sms.controller.UserPhoneController.phonesEdit(java.lang.String,java.lang.String,java.lang.String,java.lang.String) mapped.; nested exception is org.springframework.beans.factory.BeanCreationException: Error creating bean with name 'requestMappingHandlerMapping' defined in class path resource [org/springframework/boot/autoconfigure/web/WebMvcAutoConfiguration$EnableWebMvcConfiguration.class]: Invocation of init method failed; nested exception is java.lang.IllegalStateException: Ambiguous mapping. Cannot map 'userPhoneController' method 
public com.server.sms.json.JsonBean com.server.sms.controller.UserPhoneController.phonesDelete(java.lang.String,java.lang.String)
to {[/v1/user_phone/phone],methods=[PUT]}: There is already 'userPhoneController' bean method
public com.server.sms.json.JsonBean com.server.sms.controller.UserPhoneController.phonesEdit(java.lang.String,java.lang.String,java.lang.String,java.lang.String) mapped.
	at org.springframework.beans.factory.support.ConstructorResolver.createArgumentArray(ConstructorResolver.java:749)
	at org.springframework.beans.factory.support.ConstructorResolver.autowireConstructor(ConstructorResolver.java:185)
	at org.springframework.beans.factory.support.AbstractAutowireCapableBeanFactory.autowireConstructor(AbstractAutowireCapableBeanFactory.java:1143)
	at org.springframework.beans.factory.support.AbstractAutowireCapableBeanFactory.createBeanInstance(AbstractAutowireCapableBeanFactory.java:1046)
	at org.springframework.beans.factory.support.AbstractAutowireCapableBeanFactory.doCreateBean(AbstractAutowireCapableBeanFactory.java:510)
	at org.springframework.beans.factory.support.AbstractAutowireCapableBeanFactory.createBean(AbstractAutowireCapableBeanFactory.java:482)
	at org.springframework.beans.factory.support.AbstractBeanFactory$1.getObject(AbstractBeanFactory.java:306)
	at org.springframework.beans.factory.support.DefaultSingletonBeanRegistry.getSingleton(DefaultSingletonBeanRegistry.java:230)
	at org.springframework.beans.factory.support.AbstractBeanFactory.doGetBean(AbstractBeanFactory.java:302)
	at org.springframework.beans.factory.support.AbstractBeanFactory.getBean(AbstractBeanFactory.java:197)
	at org.springframework.beans.factory.support.DefaultListableBeanFactory.findAutowireCandidates(DefaultListableBeanFactory.java:1192)
	at org.springframework.beans.factory.support.DefaultListableBeanFactory.doResolveDependency(DefaultListableBeanFactory.java:1068)
	at org.springframework.beans.factory.support.DefaultListableBeanFactory.resolveDependency(DefaultListableBeanFactory.java:1014)
	at org.springframework.beans.factory.support.ConstructorResolver.resolveAutowiredArgument(ConstructorResolver.java:813)
	at org.springframework.beans.factory.support.ConstructorResolver.createArgumentArray(ConstructorResolver.java:741)
	... 25 more
Caused by: org.springframework.beans.factory.BeanCreationException: Error creating bean with name 'requestMappingHandlerMapping' defined in class path resource [org/springframework/boot/autoconfigure/web/WebMvcAutoConfiguration$EnableWebMvcConfiguration.class]: Invocation of init method failed; nested exception is java.lang.IllegalStateException: Ambiguous mapping. Cannot map 'userPhoneController' method 
public com.server.sms.json.JsonBean com.server.sms.controller.UserPhoneController.phonesDelete(java.lang.String,java.lang.String)
to {[/v1/user_phone/phone],methods=[PUT]}: There is already 'userPhoneController' bean method
public com.server.sms.json.JsonBean com.server.sms.controller.UserPhoneController.phonesEdit(java.lang.String,java.lang.String,java.lang.String,java.lang.String) mapped.
	at org.springframework.beans.factory.support.AbstractAutowireCapableBeanFactory.initializeBean(AbstractAutowireCapableBeanFactory.java:1578)
	at org.springframework.beans.factory.support.AbstractAutowireCapableBeanFactory.doCreateBean(AbstractAutowireCapableBeanFactory.java:545)
	at org.springframework.beans.factory.support.AbstractAutowireCapableBeanFactory.createBean(AbstractAutowireCapableBeanFactory.java:482)
	at org.springframework.beans.factory.support.AbstractBeanFactory$1.getObject(AbstractBeanFactory.java:306)
	at org.springframework.beans.factory.support.DefaultSingletonBeanRegistry.getSingleton(DefaultSingletonBeanRegistry.java:230)
	at org.springframework.beans.factory.support.AbstractBeanFactory.doGetBean(AbstractBeanFactory.java:302)
	at org.springframework.beans.factory.support.AbstractBeanFactory.getBean(AbstractBeanFactory.java:197)
	at org.springframework.beans.factory.support.DefaultListableBeanFactory.findAutowireCandidates(DefaultListableBeanFactory.java:1192)
	at org.springframework.beans.factory.support.DefaultListableBeanFactory.doResolveDependency(DefaultListableBeanFactory.java:1068)
	at org.springframework.beans.factory.support.DefaultListableBeanFactory.resolveDependency(DefaultListableBeanFactory.java:1014)
	at org.springframework.beans.factory.support.ConstructorResolver.resolveAutowiredArgument(ConstructorResolver.java:813)
	at org.springframework.beans.factory.support.ConstructorResolver.createArgumentArray(ConstructorResolver.java:741)
	... 39 more
Caused by: java.lang.IllegalStateException: Ambiguous mapping. Cannot map 'userPhoneController' method 
public com.server.sms.json.JsonBean com.server.sms.controller.UserPhoneController.phonesDelete(java.lang.String,java.lang.String)
to {[/v1/user_phone/phone],methods=[PUT]}: There is already 'userPhoneController' bean method
public com.server.sms.json.JsonBean com.server.sms.controller.UserPhoneController.phonesEdit(java.lang.String,java.lang.String,java.lang.String,java.lang.String) mapped.
	at org.springframework.web.servlet.handler.AbstractHandlerMethodMapping$MappingRegistry.assertUniqueMethodMapping(AbstractHandlerMethodMapping.java:567)
	at org.springframework.web.servlet.handler.AbstractHandlerMethodMapping$MappingRegistry.register(AbstractHandlerMethodMapping.java:531)
	at org.springframework.web.servlet.handler.AbstractHandlerMethodMapping.registerHandlerMethod(AbstractHandlerMethodMapping.java:255)
	at org.springframework.web.servlet.handler.AbstractHandlerMethodMapping.detectHandlerMethods(AbstractHandlerMethodMapping.java:241)
	at org.springframework.web.servlet.handler.AbstractHandlerMethodMapping.initHandlerMethods(AbstractHandlerMethodMapping.java:213)
	at org.springframework.web.servlet.handler.AbstractHandlerMethodMapping.afterPropertiesSet(AbstractHandlerMethodMapping.java:183)
	at org.springframework.web.servlet.mvc.method.annotation.RequestMappingHandlerMapping.afterPropertiesSet(RequestMappingHandlerMapping.java:125)
	at org.springframework.beans.factory.support.AbstractAutowireCapableBeanFactory.invokeInitMethods(AbstractAutowireCapableBeanFactory.java:1637)
	at org.springframework.beans.factory.support.AbstractAutowireCapableBeanFactory.initializeBean(AbstractAutowireCapableBeanFactory.java:1574)
	... 50 more
2016-11-21 19:59:27,162  INFO ClasspathLoggingApplicationListener:57 - Application failed to start with classpath: [file:/E:/GitHub/SmsServer/target/classes/, file:/C:/Users/Administrator/.m2/repository/io/springfox/springfox-spring-web/2.4.0/springfox-spring-web-2.4.0.jar, file:/C:/Users/Administrator/.m2/repository/org/apache/tomcat/embed/tomcat-embed-core/8.0.32/tomcat-embed-core-8.0.32.jar, file:/C:/Users/Administrator/.m2/repository/org/springframework/spring-tx/4.2.5.RELEASE/spring-tx-4.2.5.RELEASE.jar, file:/C:/Users/Administrator/.m2/repository/cn/jpush/api/jpush-client/3.2.9/jpush-client-3.2.9.jar, file:/C:/Users/Administrator/.m2/repository/log4j/log4j/1.2.17/log4j-1.2.17.jar, file:/C:/Users/Administrator/.m2/repository/aopalliance/aopalliance/1.0/aopalliance-1.0.jar, file:/C:/Users/Administrator/.m2/repository/org/springframework/boot/spring-boot-autoconfigure/1.3.3.RELEASE/spring-boot-autoconfigure-1.3.3.RELEASE.jar, file:/C:/Users/Administrator/.m2/repository/org/hibernate/hibernate-validator/5.2.4.Final/hibernate-validator-5.2.4.Final.jar, file:/C:/Users/Administrator/.m2/repository/com/fasterxml/jackson/core/jackson-databind/2.6.5/jackson-databind-2.6.5.jar, file:/C:/Users/Administrator/.m2/repository/com/fasterxml/classmate/1.3.1/classmate-1.3.1.jar, file:/C:/Users/Administrator/.m2/repository/com/fasterxml/jackson/core/jackson-annotations/2.6.5/jackson-annotations-2.6.5.jar, file:/C:/Users/Administrator/.m2/repository/io/springfox/springfox-swagger2/2.4.0/springfox-swagger2-2.4.0.jar, file:/C:/Users/Administrator/.m2/repository/org/slf4j/slf4j-api/1.7.16/slf4j-api-1.7.16.jar, file:/C:/Users/Administrator/.m2/repository/org/springframework/spring-core/4.2.5.RELEASE/spring-core-4.2.5.RELEASE.jar, file:/C:/Users/Administrator/.m2/repository/mysql/mysql-connector-java/5.1.21/mysql-connector-java-5.1.21.jar, file:/C:/Users/Administrator/.m2/repository/org/springframework/boot/spring-boot-starter/1.3.3.RELEASE/spring-boot-starter-1.3.3.RELEASE.jar, file:/C:/Users/Administrator/.m2/repository/org/springframework/plugin/spring-plugin-metadata/1.2.0.RELEASE/spring-plugin-metadata-1.2.0.RELEASE.jar, file:/C:/Users/Administrator/.m2/repository/org/springframework/spring-web/4.2.5.RELEASE/spring-web-4.2.5.RELEASE.jar, file:/C:/Users/Administrator/.m2/repository/io/springfox/springfox-spi/2.4.0/springfox-spi-2.4.0.jar, file:/C:/Users/Administrator/.m2/repository/org/mybatis/mybatis-spring/1.3.0/mybatis-spring-1.3.0.jar, file:/C:/Users/Administrator/.m2/repository/org/springframework/boot/spring-boot-starter-tomcat/1.3.3.RELEASE/spring-boot-starter-tomcat-1.3.3.RELEASE.jar, file:/C:/Users/Administrator/.m2/repository/javax/validation/validation-api/1.1.0.Final/validation-api-1.1.0.Final.jar, file:/C:/Users/Administrator/.m2/repository/com/google/code/gson/gson/2.2.4/gson-2.2.4.jar, file:/C:/Users/Administrator/.m2/repository/org/springframework/spring-webmvc/4.2.5.RELEASE/spring-webmvc-4.2.5.RELEASE.jar, file:/C:/Users/Administrator/.m2/repository/org/apache/tomcat/embed/tomcat-embed-logging-juli/8.0.32/tomcat-embed-logging-juli-8.0.32.jar, file:/C:/Users/Administrator/.m2/repository/org/springframework/spring-expression/4.2.5.RELEASE/spring-expression-4.2.5.RELEASE.jar, file:/C:/Users/Administrator/.m2/repository/org/apache/tomcat/embed/tomcat-embed-el/8.0.32/tomcat-embed-el-8.0.32.jar, file:/C:/Users/Administrator/.m2/repository/org/yaml/snakeyaml/1.16/snakeyaml-1.16.jar, file:/C:/Users/Administrator/.m2/repository/io/swagger/swagger-annotations/1.5.6/swagger-annotations-1.5.6.jar, file:/C:/Users/Administrator/.m2/repository/org/springframework/boot/spring-boot-starter-web/1.3.3.RELEASE/spring-boot-starter-web-1.3.3.RELEASE.jar, file:/C:/Users/Administrator/.m2/repository/org/slf4j/jul-to-slf4j/1.7.16/jul-to-slf4j-1.7.16.jar, file:/C:/Users/Administrator/.m2/repository/org/springframework/spring-aop/4.2.5.RELEASE/spring-aop-4.2.5.RELEASE.jar, file:/C:/Users/Administrator/.m2/repository/org/springframework/spring-beans/4.2.5.RELEASE/spring-beans-4.2.5.RELEASE.jar, file:/C:/Users/Administrator/.m2/repository/org/springframework/boot/spring-boot-starter-jdbc/1.3.3.RELEASE/spring-boot-starter-jdbc-1.3.3.RELEASE.jar, file:/C:/Users/Administrator/.m2/repository/com/fasterxml/jackson/core/jackson-core/2.6.5/jackson-core-2.6.5.jar, file:/C:/Users/Administrator/.m2/repository/org/mybatis/spring/boot/mybatis-spring-boot-starter/1.1.1/mybatis-spring-boot-starter-1.1.1.jar, file:/C:/Users/Administrator/.m2/repository/io/springfox/springfox-swagger-ui/2.4.0/springfox-swagger-ui-2.4.0.jar, file:/C:/Users/Administrator/.m2/repository/org/springframework/boot/spring-boot/1.3.3.RELEASE/spring-boot-1.3.3.RELEASE.jar, file:/C:/Users/Administrator/.m2/repository/org/slf4j/slf4j-log4j12/1.7.16/slf4j-log4j12-1.7.16.jar, file:/C:/Users/Administrator/.m2/repository/org/apache/tomcat/tomcat-juli/8.0.32/tomcat-juli-8.0.32.jar, file:/C:/Users/Administrator/.m2/repository/org/springframework/boot/spring-boot-starter-log4j/1.3.3.RELEASE/spring-boot-starter-log4j-1.3.3.RELEASE.jar, file:/C:/Users/Administrator/.m2/repository/org/springframework/boot/spring-boot-starter-validation/1.3.3.RELEASE/spring-boot-starter-validation-1.3.3.RELEASE.jar, file:/C:/Users/Administrator/.m2/repository/com/google/guava/guava/18.0/guava-18.0.jar, file:/C:/Users/Administrator/.m2/repository/org/mybatis/spring/boot/mybatis-spring-boot-autoconfigure/1.1.1/mybatis-spring-boot-autoconfigure-1.1.1.jar, file:/C:/Users/Administrator/.m2/repository/org/springframework/spring-jdbc/4.2.5.RELEASE/spring-jdbc-4.2.5.RELEASE.jar, file:/C:/Users/Administrator/.m2/repository/org/apache/tomcat/embed/tomcat-embed-websocket/8.0.32/tomcat-embed-websocket-8.0.32.jar, file:/C:/Users/Administrator/.m2/repository/io/swagger/swagger-models/1.5.6/swagger-models-1.5.6.jar, file:/C:/Users/Administrator/.m2/repository/io/springfox/springfox-schema/2.4.0/springfox-schema-2.4.0.jar, file:/C:/Users/Administrator/.m2/repository/io/springfox/springfox-core/2.4.0/springfox-core-2.4.0.jar, file:/C:/Users/Administrator/.m2/repository/org/apache/tomcat/tomcat-jdbc/8.0.32/tomcat-jdbc-8.0.32.jar, file:/C:/Users/Administrator/.m2/repository/io/springfox/springfox-swagger-common/2.4.0/springfox-swagger-common-2.4.0.jar, file:/C:/Users/Administrator/.m2/repository/org/springframework/plugin/spring-plugin-core/1.2.0.RELEASE/spring-plugin-core-1.2.0.RELEASE.jar, file:/C:/Users/Administrator/.m2/repository/org/slf4j/jcl-over-slf4j/1.7.16/jcl-over-slf4j-1.7.16.jar, file:/C:/Users/Administrator/.m2/repository/org/springframework/spring-context/4.2.5.RELEASE/spring-context-4.2.5.RELEASE.jar, file:/C:/Users/Administrator/.m2/repository/org/jboss/logging/jboss-logging/3.3.0.Final/jboss-logging-3.3.0.Final.jar, file:/C:/Users/Administrator/.m2/repository/org/mybatis/mybatis/3.4.0/mybatis-3.4.0.jar]
2016-11-21 20:01:25,842  INFO Application:48 - Starting Application on PC-20160526KGVV with PID 22844 (E:\GitHub\SmsServer\target\classes started by Administrator in E:\GitHub\SmsServer)
2016-11-21 20:01:25,844  INFO Application:666 - No active profile set, falling back to default profiles: default
2016-11-21 20:01:25,938  INFO AnnotationConfigEmbeddedWebApplicationContext:578 - Refreshing org.springframework.boot.context.embedded.AnnotationConfigEmbeddedWebApplicationContext@5a3b70a0: startup date [Mon Nov 21 20:01:25 CST 2016]; root of context hierarchy
2016-11-21 20:01:25,970  INFO Version:30 - HV000001: Hibernate Validator 5.2.4.Final
2016-11-21 20:01:26,583  INFO DefaultListableBeanFactory:839 - Overriding bean definition for bean 'beanNameViewResolver' with a different definition: replacing [Root bean: class [null]; scope=; abstract=false; lazyInit=false; autowireMode=3; dependencyCheck=0; autowireCandidate=true; primary=false; factoryBeanName=org.springframework.boot.autoconfigure.web.ErrorMvcAutoConfiguration$WhitelabelErrorViewConfiguration; factoryMethodName=beanNameViewResolver; initMethodName=null; destroyMethodName=(inferred); defined in class path resource [org/springframework/boot/autoconfigure/web/ErrorMvcAutoConfiguration$WhitelabelErrorViewConfiguration.class]] with [Root bean: class [null]; scope=; abstract=false; lazyInit=false; autowireMode=3; dependencyCheck=0; autowireCandidate=true; primary=false; factoryBeanName=org.springframework.boot.autoconfigure.web.WebMvcAutoConfiguration$WebMvcAutoConfigurationAdapter; factoryMethodName=beanNameViewResolver; initMethodName=null; destroyMethodName=(inferred); defined in class path resource [org/springframework/boot/autoconfigure/web/WebMvcAutoConfiguration$WebMvcAutoConfigurationAdapter.class]]
2016-11-21 20:01:26,901  INFO PostProcessorRegistrationDelegate$BeanPostProcessorChecker:328 - Bean 'org.springframework.transaction.annotation.ProxyTransactionManagementConfiguration' of type [class org.springframework.transaction.annotation.ProxyTransactionManagementConfiguration$$EnhancerBySpringCGLIB$$f515fca0] is not eligible for getting processed by all BeanPostProcessors (for example: not eligible for auto-proxying)
2016-11-21 20:01:27,275  INFO TomcatEmbeddedServletContainer:81 - Tomcat initialized with port(s): 8080 (http)
2016-11-21 20:01:27,284  INFO StandardService:180 - Starting service Tomcat
2016-11-21 20:01:27,284  INFO StandardEngine:180 - Starting Servlet Engine: Apache Tomcat/8.0.32
2016-11-21 20:01:27,342  INFO [/]:180 - Initializing Spring embedded WebApplicationContext
2016-11-21 20:01:27,342  INFO ContextLoader:272 - Root WebApplicationContext: initialization completed in 1407 ms
2016-11-21 20:01:27,529  INFO ServletRegistrationBean:189 - Mapping servlet: 'dispatcherServlet' to [/]
2016-11-21 20:01:27,533  INFO FilterRegistrationBean:258 - Mapping filter: 'characterEncodingFilter' to: [/*]
2016-11-21 20:01:27,533  INFO FilterRegistrationBean:258 - Mapping filter: 'hiddenHttpMethodFilter' to: [/*]
2016-11-21 20:01:27,533  INFO FilterRegistrationBean:258 - Mapping filter: 'httpPutFormContentFilter' to: [/*]
2016-11-21 20:01:27,533  INFO FilterRegistrationBean:258 - Mapping filter: 'requestContextFilter' to: [/*]
2016-11-21 20:01:28,093  INFO RequestMappingHandlerMapping:534 - Mapped "{[/v1/phone/install],methods=[GET]}" onto public com.server.sms.json.JsonBean com.server.sms.controller.PhoneController.appInstall(java.lang.String,java.lang.String)
2016-11-21 20:01:28,094  INFO RequestMappingHandlerMapping:534 - Mapped "{[/v1/phone/delete],methods=[GET]}" onto public com.server.sms.json.JsonBean com.server.sms.controller.PhoneController.appDelete(java.lang.String,java.lang.String)
2016-11-21 20:01:28,094  INFO RequestMappingHandlerMapping:534 - Mapped "{[/v1/phone/sms],methods=[POST]}" onto public com.server.sms.json.JsonBean com.server.sms.controller.PhoneController.smsPOST(java.lang.String,java.lang.String,java.lang.String,long,java.lang.String)
2016-11-21 20:01:28,097  INFO RequestMappingHandlerMapping:534 - Mapped "{[/v1/manager_users/password_check],methods=[GET]}" onto public com.server.sms.json.JsonBean com.server.sms.controller.UserController.PasswordCheck(java.lang.String,java.lang.String)
2016-11-21 20:01:28,098  INFO RequestMappingHandlerMapping:534 - Mapped "{[/v1/manager_users/password],methods=[GET]}" onto public com.server.sms.json.JsonBean com.server.sms.controller.UserController.Password(java.lang.String,java.lang.String)
2016-11-21 20:01:28,098  INFO RequestMappingHandlerMapping:534 - Mapped "{[/v1/manager_users/reset_password],methods=[POST]}" onto public com.server.sms.json.JsonBean com.server.sms.controller.UserController.ResetPassword(java.lang.String,java.lang.String)
2016-11-21 20:01:28,098  INFO RequestMappingHandlerMapping:534 - Mapped "{[/v1/manager_users/logout],methods=[POST]}" onto public com.server.sms.json.JsonBean com.server.sms.controller.UserController.LogOut(java.lang.String)
2016-11-21 20:01:28,099  INFO RequestMappingHandlerMapping:534 - Mapped "{[/v1/manager_users/token_check],methods=[GET]}" onto public com.server.sms.json.JsonBean com.server.sms.controller.UserController.TokenCheck(java.lang.String)
2016-11-21 20:01:28,101  INFO RequestMappingHandlerMapping:534 - Mapped "{[/v1/user_phone/sms/imei],methods=[POST]}" onto public com.server.sms.json.JsonBean com.server.sms.controller.UserPhoneController.smsPOST(java.lang.String,java.lang.String,java.lang.String,long,java.lang.String)
2016-11-21 20:01:28,101  INFO RequestMappingHandlerMapping:534 - Mapped "{[/v1/user_phone/phone],methods=[GET]}" onto public com.server.sms.json.JsonBean com.server.sms.controller.UserPhoneController.phones(java.lang.String,java.lang.String)
2016-11-21 20:01:28,102  INFO RequestMappingHandlerMapping:534 - Mapped "{[/v1/user_phone/phone],methods=[PUT]}" onto public com.server.sms.json.JsonBean com.server.sms.controller.UserPhoneController.phonesEdit(java.lang.String,java.lang.String,java.lang.String,java.lang.String)
2016-11-21 20:01:28,102  INFO RequestMappingHandlerMapping:534 - Mapped "{[/v1/user_phone/phones],methods=[GET]}" onto public com.server.sms.json.JsonBean com.server.sms.controller.UserPhoneController.phonesAll(java.lang.String)
2016-11-21 20:01:28,102  INFO RequestMappingHandlerMapping:534 - Mapped "{[/v1/user_phone/phone],methods=[DELETE]}" onto public com.server.sms.json.JsonBean com.server.sms.controller.UserPhoneController.phonesDelete(java.lang.String,java.lang.String)
2016-11-21 20:01:28,103  INFO RequestMappingHandlerMapping:534 - Mapped "{[/v1/user_phone/sms/imei],methods=[GET]}" onto public com.server.sms.json.JsonBean com.server.sms.controller.UserPhoneController.smsGetAll(java.lang.String,java.lang.String)
2016-11-21 20:01:28,103  INFO RequestMappingHandlerMapping:534 - Mapped "{[/v1/user_phone/sms/imei/phone],methods=[GET]}" onto public com.server.sms.json.JsonBean com.server.sms.controller.UserPhoneController.smsGet(java.lang.String,java.lang.String,java.lang.String)
2016-11-21 20:01:28,103  INFO RequestMappingHandlerMapping:534 - Mapped "{[/v1/user_phone/sms/imei/show],methods=[GET]}" onto public com.server.sms.json.JsonBean com.server.sms.controller.UserPhoneController.smsShow(java.lang.String,java.lang.String)
2016-11-21 20:01:28,103  INFO RequestMappingHandlerMapping:534 - Mapped "{[/v1/user_phone/sms/imei/msgid],methods=[GET]}" onto public com.server.sms.json.JsonBean com.server.sms.controller.UserPhoneController.smsidGet(java.lang.String,java.lang.String,java.lang.String)
2016-11-21 20:01:28,104  INFO RequestMappingHandlerMapping:534 - Mapped "{[/v1/user_phone/sms/imei/msgid],methods=[PUT]}" onto public com.server.sms.json.JsonBean com.server.sms.controller.UserPhoneController.smsPut(java.lang.String,java.lang.String,java.lang.String,long,java.lang.String,java.lang.String)
2016-11-21 20:01:28,104  INFO RequestMappingHandlerMapping:534 - Mapped "{[/v1/user_phone/sms/imei/msgid],methods=[DELETE]}" onto public com.server.sms.json.JsonBean com.server.sms.controller.UserPhoneController.smsDELETE(java.lang.String,java.lang.String,java.lang.String,java.lang.String)
2016-11-21 20:01:28,109  INFO RequestMappingHandlerMapping:534 - Mapped "{[/v2/api-docs],methods=[GET],produces=[application/json || application/hal+json]}" onto public org.springframework.http.ResponseEntity<springfox.documentation.spring.web.json.Json> springfox.documentation.swagger2.web.Swagger2Controller.getDocumentation(java.lang.String,javax.servlet.http.HttpServletRequest)
2016-11-21 20:01:28,112  INFO RequestMappingHandlerMapping:534 - Mapped "{[/configuration/security]}" onto org.springframework.http.ResponseEntity<springfox.documentation.swagger.web.SecurityConfiguration> springfox.documentation.swagger.web.ApiResourceController.securityConfiguration()
2016-11-21 20:01:28,113  INFO RequestMappingHandlerMapping:534 - Mapped "{[/configuration/ui]}" onto org.springframework.http.ResponseEntity<springfox.documentation.swagger.web.UiConfiguration> springfox.documentation.swagger.web.ApiResourceController.uiConfiguration()
2016-11-21 20:01:28,113  INFO RequestMappingHandlerMapping:534 - Mapped "{[/swagger-resources]}" onto org.springframework.http.ResponseEntity<java.util.List<springfox.documentation.swagger.web.SwaggerResource>> springfox.documentation.swagger.web.ApiResourceController.swaggerResources()
2016-11-21 20:01:28,116  INFO RequestMappingHandlerMapping:534 - Mapped "{[/error]}" onto public org.springframework.http.ResponseEntity<java.util.Map<java.lang.String, java.lang.Object>> org.springframework.boot.autoconfigure.web.BasicErrorController.error(javax.servlet.http.HttpServletRequest)
2016-11-21 20:01:28,117  INFO RequestMappingHandlerMapping:534 - Mapped "{[/error],produces=[text/html]}" onto public org.springframework.web.servlet.ModelAndView org.springframework.boot.autoconfigure.web.BasicErrorController.errorHtml(javax.servlet.http.HttpServletRequest,javax.servlet.http.HttpServletResponse)
2016-11-21 20:01:28,271  INFO RequestMappingHandlerAdapter:532 - Looking for @ControllerAdvice: org.springframework.boot.context.embedded.AnnotationConfigEmbeddedWebApplicationContext@5a3b70a0: startup date [Mon Nov 21 20:01:25 CST 2016]; root of context hierarchy
2016-11-21 20:01:28,315  INFO SimpleUrlHandlerMapping:341 - Mapped URL path [/webjars/**] onto handler of type [class org.springframework.web.servlet.resource.ResourceHttpRequestHandler]
2016-11-21 20:01:28,315  INFO SimpleUrlHandlerMapping:341 - Mapped URL path [/**] onto handler of type [class org.springframework.web.servlet.resource.ResourceHttpRequestHandler]
2016-11-21 20:01:28,343  INFO SimpleUrlHandlerMapping:341 - Mapped URL path [/**/favicon.ico] onto handler of type [class org.springframework.web.servlet.resource.ResourceHttpRequestHandler]
2016-11-21 20:01:28,492  INFO AnnotationMBeanExporter:431 - Registering beans for JMX exposure on startup
2016-11-21 20:01:28,506  INFO DocumentationPluginsBootstrapper:84 - Context refreshed
2016-11-21 20:01:28,527  INFO DocumentationPluginsBootstrapper:87 - Found 1 custom documentation plugin(s)
2016-11-21 20:01:28,534  INFO ApiListingReferenceScanner:44 - Scanning for api listing references
2016-11-21 20:01:28,689  INFO CachingOperationNameGenerator:40 - Generating unique operation named: smsPOSTUsingPOST_1
2016-11-21 20:01:28,730  INFO Http11NioProtocol:180 - Initializing ProtocolHandler ["http-nio-8080"]
2016-11-21 20:01:28,741  INFO Http11NioProtocol:180 - Starting ProtocolHandler ["http-nio-8080"]
2016-11-21 20:01:28,746 ERROR Http11NioProtocol:182 - Failed to start end point associated with ProtocolHandler ["http-nio-8080"]
java.net.BindException: Address already in use: bind
	at sun.nio.ch.Net.bind0(Native Method)
	at sun.nio.ch.Net.bind(Net.java:433)
	at sun.nio.ch.Net.bind(Net.java:425)
	at sun.nio.ch.ServerSocketChannelImpl.bind(ServerSocketChannelImpl.java:223)
	at sun.nio.ch.ServerSocketAdaptor.bind(ServerSocketAdaptor.java:74)
	at org.apache.tomcat.util.net.NioEndpoint.bind(NioEndpoint.java:340)
	at org.apache.tomcat.util.net.AbstractEndpoint.start(AbstractEndpoint.java:765)
	at org.apache.coyote.AbstractProtocol.start(AbstractProtocol.java:473)
	at org.apache.catalina.connector.Connector.startInternal(Connector.java:986)
	at org.apache.catalina.util.LifecycleBase.start(LifecycleBase.java:147)
	at org.apache.catalina.core.StandardService.addConnector(StandardService.java:239)
	at org.springframework.boot.context.embedded.tomcat.TomcatEmbeddedServletContainer.addPreviouslyRemovedConnectors(TomcatEmbeddedServletContainer.java:194)
	at org.springframework.boot.context.embedded.tomcat.TomcatEmbeddedServletContainer.start(TomcatEmbeddedServletContainer.java:151)
	at org.springframework.boot.context.embedded.EmbeddedWebApplicationContext.startEmbeddedServletContainer(EmbeddedWebApplicationContext.java:293)
	at org.springframework.boot.context.embedded.EmbeddedWebApplicationContext.finishRefresh(EmbeddedWebApplicationContext.java:141)
	at org.springframework.context.support.AbstractApplicationContext.refresh(AbstractApplicationContext.java:541)
	at org.springframework.boot.context.embedded.EmbeddedWebApplicationContext.refresh(EmbeddedWebApplicationContext.java:118)
	at org.springframework.boot.SpringApplication.refresh(SpringApplication.java:766)
	at org.springframework.boot.SpringApplication.createAndRefreshContext(SpringApplication.java:361)
	at org.springframework.boot.SpringApplication.run(SpringApplication.java:307)
	at org.springframework.boot.SpringApplication.run(SpringApplication.java:1191)
	at org.springframework.boot.SpringApplication.run(SpringApplication.java:1180)
	at com.server.sms.Application.main(Application.java:17)
	at sun.reflect.NativeMethodAccessorImpl.invoke0(Native Method)
	at sun.reflect.NativeMethodAccessorImpl.invoke(NativeMethodAccessorImpl.java:62)
	at sun.reflect.DelegatingMethodAccessorImpl.invoke(DelegatingMethodAccessorImpl.java:43)
	at java.lang.reflect.Method.invoke(Method.java:498)
	at org.springframework.boot.maven.AbstractRunMojo$LaunchRunner.run(AbstractRunMojo.java:478)
	at java.lang.Thread.run(Thread.java:745)
2016-11-21 20:01:28,747 ERROR StandardService:182 - Failed to start connector [Connector[HTTP/1.1-8080]]
org.apache.catalina.LifecycleException: Failed to start component [Connector[HTTP/1.1-8080]]
	at org.apache.catalina.util.LifecycleBase.start(LifecycleBase.java:153)
	at org.apache.catalina.core.StandardService.addConnector(StandardService.java:239)
	at org.springframework.boot.context.embedded.tomcat.TomcatEmbeddedServletContainer.addPreviouslyRemovedConnectors(TomcatEmbeddedServletContainer.java:194)
	at org.springframework.boot.context.embedded.tomcat.TomcatEmbeddedServletContainer.start(TomcatEmbeddedServletContainer.java:151)
	at org.springframework.boot.context.embedded.EmbeddedWebApplicationContext.startEmbeddedServletContainer(EmbeddedWebApplicationContext.java:293)
	at org.springframework.boot.context.embedded.EmbeddedWebApplicationContext.finishRefresh(EmbeddedWebApplicationContext.java:141)
	at org.springframework.context.support.AbstractApplicationContext.refresh(AbstractApplicationContext.java:541)
	at org.springframework.boot.context.embedded.EmbeddedWebApplicationContext.refresh(EmbeddedWebApplicationContext.java:118)
	at org.springframework.boot.SpringApplication.refresh(SpringApplication.java:766)
	at org.springframework.boot.SpringApplication.createAndRefreshContext(SpringApplication.java:361)
	at org.springframework.boot.SpringApplication.run(SpringApplication.java:307)
	at org.springframework.boot.SpringApplication.run(SpringApplication.java:1191)
	at org.springframework.boot.SpringApplication.run(SpringApplication.java:1180)
	at com.server.sms.Application.main(Application.java:17)
	at sun.reflect.NativeMethodAccessorImpl.invoke0(Native Method)
	at sun.reflect.NativeMethodAccessorImpl.invoke(NativeMethodAccessorImpl.java:62)
	at sun.reflect.DelegatingMethodAccessorImpl.invoke(DelegatingMethodAccessorImpl.java:43)
	at java.lang.reflect.Method.invoke(Method.java:498)
	at org.springframework.boot.maven.AbstractRunMojo$LaunchRunner.run(AbstractRunMojo.java:478)
	at java.lang.Thread.run(Thread.java:745)
Caused by: org.apache.catalina.LifecycleException: service.getName(): "Tomcat";  Protocol handler start failed
	at org.apache.catalina.connector.Connector.startInternal(Connector.java:993)
	at org.apache.catalina.util.LifecycleBase.start(LifecycleBase.java:147)
	... 19 more
Caused by: java.net.BindException: Address already in use: bind
	at sun.nio.ch.Net.bind0(Native Method)
	at sun.nio.ch.Net.bind(Net.java:433)
	at sun.nio.ch.Net.bind(Net.java:425)
	at sun.nio.ch.ServerSocketChannelImpl.bind(ServerSocketChannelImpl.java:223)
	at sun.nio.ch.ServerSocketAdaptor.bind(ServerSocketAdaptor.java:74)
	at org.apache.tomcat.util.net.NioEndpoint.bind(NioEndpoint.java:340)
	at org.apache.tomcat.util.net.AbstractEndpoint.start(AbstractEndpoint.java:765)
	at org.apache.coyote.AbstractProtocol.start(AbstractProtocol.java:473)
	at org.apache.catalina.connector.Connector.startInternal(Connector.java:986)
	... 20 more
2016-11-21 20:01:28,774  INFO Http11NioProtocol:180 - Pausing ProtocolHandler ["http-nio-8080"]
2016-11-21 20:01:28,774  INFO StandardService:180 - Stopping service Tomcat
2016-11-21 20:01:28,780  WARN WebappClassLoaderBase:180 - The web application [ROOT] appears to have started a thread named [Abandoned connection cleanup thread] but has failed to stop it. This is very likely to create a memory leak. Stack trace of thread:
 java.lang.Object.wait(Native Method)
 java.lang.ref.ReferenceQueue.remove(ReferenceQueue.java:143)
 java.lang.ref.ReferenceQueue.remove(ReferenceQueue.java:164)
 com.mysql.jdbc.NonRegisteringDriver$1.run(NonRegisteringDriver.java:93)
2016-11-21 20:01:28,783  INFO LifecycleBase:180 - The stop() method was called on component [StandardServer[-1]] after stop() had already been called. The second call will be ignored.
2016-11-21 20:01:28,784  INFO Http11NioProtocol:180 - Stopping ProtocolHandler ["http-nio-8080"]
2016-11-21 20:01:28,784  INFO Http11NioProtocol:180 - Destroying ProtocolHandler ["http-nio-8080"]
2016-11-21 20:01:28,785 ERROR SpringApplication:827 - Application startup failed
org.springframework.boot.context.embedded.EmbeddedServletContainerException: Unable to start embedded Tomcat servlet container
	at org.springframework.boot.context.embedded.tomcat.TomcatEmbeddedServletContainer.start(TomcatEmbeddedServletContainer.java:165)
	at org.springframework.boot.context.embedded.EmbeddedWebApplicationContext.startEmbeddedServletContainer(EmbeddedWebApplicationContext.java:293)
	at org.springframework.boot.context.embedded.EmbeddedWebApplicationContext.finishRefresh(EmbeddedWebApplicationContext.java:141)
	at org.springframework.context.support.AbstractApplicationContext.refresh(AbstractApplicationContext.java:541)
	at org.springframework.boot.context.embedded.EmbeddedWebApplicationContext.refresh(EmbeddedWebApplicationContext.java:118)
	at org.springframework.boot.SpringApplication.refresh(SpringApplication.java:766)
	at org.springframework.boot.SpringApplication.createAndRefreshContext(SpringApplication.java:361)
	at org.springframework.boot.SpringApplication.run(SpringApplication.java:307)
	at org.springframework.boot.SpringApplication.run(SpringApplication.java:1191)
	at org.springframework.boot.SpringApplication.run(SpringApplication.java:1180)
	at com.server.sms.Application.main(Application.java:17)
	at sun.reflect.NativeMethodAccessorImpl.invoke0(Native Method)
	at sun.reflect.NativeMethodAccessorImpl.invoke(NativeMethodAccessorImpl.java:62)
	at sun.reflect.DelegatingMethodAccessorImpl.invoke(DelegatingMethodAccessorImpl.java:43)
	at java.lang.reflect.Method.invoke(Method.java:498)
	at org.springframework.boot.maven.AbstractRunMojo$LaunchRunner.run(AbstractRunMojo.java:478)
	at java.lang.Thread.run(Thread.java:745)
Caused by: java.lang.IllegalStateException: Tomcat connector in failed state
	at org.springframework.boot.context.embedded.tomcat.TomcatEmbeddedServletContainer.start(TomcatEmbeddedServletContainer.java:159)
	... 16 more
2016-11-21 20:01:28,786  INFO ClasspathLoggingApplicationListener:57 - Application failed to start with classpath: [file:/E:/GitHub/SmsServer/target/classes/, file:/C:/Users/Administrator/.m2/repository/io/springfox/springfox-spring-web/2.4.0/springfox-spring-web-2.4.0.jar, file:/C:/Users/Administrator/.m2/repository/org/apache/tomcat/embed/tomcat-embed-core/8.0.32/tomcat-embed-core-8.0.32.jar, file:/C:/Users/Administrator/.m2/repository/org/springframework/spring-tx/4.2.5.RELEASE/spring-tx-4.2.5.RELEASE.jar, file:/C:/Users/Administrator/.m2/repository/cn/jpush/api/jpush-client/3.2.9/jpush-client-3.2.9.jar, file:/C:/Users/Administrator/.m2/repository/log4j/log4j/1.2.17/log4j-1.2.17.jar, file:/C:/Users/Administrator/.m2/repository/aopalliance/aopalliance/1.0/aopalliance-1.0.jar, file:/C:/Users/Administrator/.m2/repository/org/springframework/boot/spring-boot-autoconfigure/1.3.3.RELEASE/spring-boot-autoconfigure-1.3.3.RELEASE.jar, file:/C:/Users/Administrator/.m2/repository/org/hibernate/hibernate-validator/5.2.4.Final/hibernate-validator-5.2.4.Final.jar, file:/C:/Users/Administrator/.m2/repository/com/fasterxml/jackson/core/jackson-databind/2.6.5/jackson-databind-2.6.5.jar, file:/C:/Users/Administrator/.m2/repository/com/fasterxml/classmate/1.3.1/classmate-1.3.1.jar, file:/C:/Users/Administrator/.m2/repository/com/fasterxml/jackson/core/jackson-annotations/2.6.5/jackson-annotations-2.6.5.jar, file:/C:/Users/Administrator/.m2/repository/io/springfox/springfox-swagger2/2.4.0/springfox-swagger2-2.4.0.jar, file:/C:/Users/Administrator/.m2/repository/org/slf4j/slf4j-api/1.7.16/slf4j-api-1.7.16.jar, file:/C:/Users/Administrator/.m2/repository/org/springframework/spring-core/4.2.5.RELEASE/spring-core-4.2.5.RELEASE.jar, file:/C:/Users/Administrator/.m2/repository/mysql/mysql-connector-java/5.1.21/mysql-connector-java-5.1.21.jar, file:/C:/Users/Administrator/.m2/repository/org/springframework/boot/spring-boot-starter/1.3.3.RELEASE/spring-boot-starter-1.3.3.RELEASE.jar, file:/C:/Users/Administrator/.m2/repository/org/springframework/plugin/spring-plugin-metadata/1.2.0.RELEASE/spring-plugin-metadata-1.2.0.RELEASE.jar, file:/C:/Users/Administrator/.m2/repository/org/springframework/spring-web/4.2.5.RELEASE/spring-web-4.2.5.RELEASE.jar, file:/C:/Users/Administrator/.m2/repository/io/springfox/springfox-spi/2.4.0/springfox-spi-2.4.0.jar, file:/C:/Users/Administrator/.m2/repository/org/mybatis/mybatis-spring/1.3.0/mybatis-spring-1.3.0.jar, file:/C:/Users/Administrator/.m2/repository/org/springframework/boot/spring-boot-starter-tomcat/1.3.3.RELEASE/spring-boot-starter-tomcat-1.3.3.RELEASE.jar, file:/C:/Users/Administrator/.m2/repository/javax/validation/validation-api/1.1.0.Final/validation-api-1.1.0.Final.jar, file:/C:/Users/Administrator/.m2/repository/com/google/code/gson/gson/2.2.4/gson-2.2.4.jar, file:/C:/Users/Administrator/.m2/repository/org/springframework/spring-webmvc/4.2.5.RELEASE/spring-webmvc-4.2.5.RELEASE.jar, file:/C:/Users/Administrator/.m2/repository/org/apache/tomcat/embed/tomcat-embed-logging-juli/8.0.32/tomcat-embed-logging-juli-8.0.32.jar, file:/C:/Users/Administrator/.m2/repository/org/springframework/spring-expression/4.2.5.RELEASE/spring-expression-4.2.5.RELEASE.jar, file:/C:/Users/Administrator/.m2/repository/org/apache/tomcat/embed/tomcat-embed-el/8.0.32/tomcat-embed-el-8.0.32.jar, file:/C:/Users/Administrator/.m2/repository/org/yaml/snakeyaml/1.16/snakeyaml-1.16.jar, file:/C:/Users/Administrator/.m2/repository/io/swagger/swagger-annotations/1.5.6/swagger-annotations-1.5.6.jar, file:/C:/Users/Administrator/.m2/repository/org/springframework/boot/spring-boot-starter-web/1.3.3.RELEASE/spring-boot-starter-web-1.3.3.RELEASE.jar, file:/C:/Users/Administrator/.m2/repository/org/slf4j/jul-to-slf4j/1.7.16/jul-to-slf4j-1.7.16.jar, file:/C:/Users/Administrator/.m2/repository/org/springframework/spring-aop/4.2.5.RELEASE/spring-aop-4.2.5.RELEASE.jar, file:/C:/Users/Administrator/.m2/repository/org/springframework/spring-beans/4.2.5.RELEASE/spring-beans-4.2.5.RELEASE.jar, file:/C:/Users/Administrator/.m2/repository/org/springframework/boot/spring-boot-starter-jdbc/1.3.3.RELEASE/spring-boot-starter-jdbc-1.3.3.RELEASE.jar, file:/C:/Users/Administrator/.m2/repository/com/fasterxml/jackson/core/jackson-core/2.6.5/jackson-core-2.6.5.jar, file:/C:/Users/Administrator/.m2/repository/org/mybatis/spring/boot/mybatis-spring-boot-starter/1.1.1/mybatis-spring-boot-starter-1.1.1.jar, file:/C:/Users/Administrator/.m2/repository/io/springfox/springfox-swagger-ui/2.4.0/springfox-swagger-ui-2.4.0.jar, file:/C:/Users/Administrator/.m2/repository/org/springframework/boot/spring-boot/1.3.3.RELEASE/spring-boot-1.3.3.RELEASE.jar, file:/C:/Users/Administrator/.m2/repository/org/slf4j/slf4j-log4j12/1.7.16/slf4j-log4j12-1.7.16.jar, file:/C:/Users/Administrator/.m2/repository/org/apache/tomcat/tomcat-juli/8.0.32/tomcat-juli-8.0.32.jar, file:/C:/Users/Administrator/.m2/repository/org/springframework/boot/spring-boot-starter-log4j/1.3.3.RELEASE/spring-boot-starter-log4j-1.3.3.RELEASE.jar, file:/C:/Users/Administrator/.m2/repository/org/springframework/boot/spring-boot-starter-validation/1.3.3.RELEASE/spring-boot-starter-validation-1.3.3.RELEASE.jar, file:/C:/Users/Administrator/.m2/repository/com/google/guava/guava/18.0/guava-18.0.jar, file:/C:/Users/Administrator/.m2/repository/org/mybatis/spring/boot/mybatis-spring-boot-autoconfigure/1.1.1/mybatis-spring-boot-autoconfigure-1.1.1.jar, file:/C:/Users/Administrator/.m2/repository/org/springframework/spring-jdbc/4.2.5.RELEASE/spring-jdbc-4.2.5.RELEASE.jar, file:/C:/Users/Administrator/.m2/repository/org/apache/tomcat/embed/tomcat-embed-websocket/8.0.32/tomcat-embed-websocket-8.0.32.jar, file:/C:/Users/Administrator/.m2/repository/io/swagger/swagger-models/1.5.6/swagger-models-1.5.6.jar, file:/C:/Users/Administrator/.m2/repository/io/springfox/springfox-schema/2.4.0/springfox-schema-2.4.0.jar, file:/C:/Users/Administrator/.m2/repository/io/springfox/springfox-core/2.4.0/springfox-core-2.4.0.jar, file:/C:/Users/Administrator/.m2/repository/org/apache/tomcat/tomcat-jdbc/8.0.32/tomcat-jdbc-8.0.32.jar, file:/C:/Users/Administrator/.m2/repository/io/springfox/springfox-swagger-common/2.4.0/springfox-swagger-common-2.4.0.jar, file:/C:/Users/Administrator/.m2/repository/org/springframework/plugin/spring-plugin-core/1.2.0.RELEASE/spring-plugin-core-1.2.0.RELEASE.jar, file:/C:/Users/Administrator/.m2/repository/org/slf4j/jcl-over-slf4j/1.7.16/jcl-over-slf4j-1.7.16.jar, file:/C:/Users/Administrator/.m2/repository/org/springframework/spring-context/4.2.5.RELEASE/spring-context-4.2.5.RELEASE.jar, file:/C:/Users/Administrator/.m2/repository/org/jboss/logging/jboss-logging/3.3.0.Final/jboss-logging-3.3.0.Final.jar, file:/C:/Users/Administrator/.m2/repository/org/mybatis/mybatis/3.4.0/mybatis-3.4.0.jar]
2016-11-21 20:03:03,742  INFO Application:48 - Starting Application on PC-20160526KGVV with PID 22984 (E:\GitHub\SmsServer\target\classes started by Administrator in E:\GitHub\SmsServer)
2016-11-21 20:03:03,744  INFO Application:666 - No active profile set, falling back to default profiles: default
2016-11-21 20:03:03,843  INFO AnnotationConfigEmbeddedWebApplicationContext:578 - Refreshing org.springframework.boot.context.embedded.AnnotationConfigEmbeddedWebApplicationContext@1e3380a6: startup date [Mon Nov 21 20:03:03 CST 2016]; root of context hierarchy
2016-11-21 20:03:03,871  INFO Version:30 - HV000001: Hibernate Validator 5.2.4.Final
2016-11-21 20:03:04,446  INFO DefaultListableBeanFactory:839 - Overriding bean definition for bean 'beanNameViewResolver' with a different definition: replacing [Root bean: class [null]; scope=; abstract=false; lazyInit=false; autowireMode=3; dependencyCheck=0; autowireCandidate=true; primary=false; factoryBeanName=org.springframework.boot.autoconfigure.web.ErrorMvcAutoConfiguration$WhitelabelErrorViewConfiguration; factoryMethodName=beanNameViewResolver; initMethodName=null; destroyMethodName=(inferred); defined in class path resource [org/springframework/boot/autoconfigure/web/ErrorMvcAutoConfiguration$WhitelabelErrorViewConfiguration.class]] with [Root bean: class [null]; scope=; abstract=false; lazyInit=false; autowireMode=3; dependencyCheck=0; autowireCandidate=true; primary=false; factoryBeanName=org.springframework.boot.autoconfigure.web.WebMvcAutoConfiguration$WebMvcAutoConfigurationAdapter; factoryMethodName=beanNameViewResolver; initMethodName=null; destroyMethodName=(inferred); defined in class path resource [org/springframework/boot/autoconfigure/web/WebMvcAutoConfiguration$WebMvcAutoConfigurationAdapter.class]]
2016-11-21 20:03:04,677  INFO PostProcessorRegistrationDelegate$BeanPostProcessorChecker:328 - Bean 'org.springframework.transaction.annotation.ProxyTransactionManagementConfiguration' of type [class org.springframework.transaction.annotation.ProxyTransactionManagementConfiguration$$EnhancerBySpringCGLIB$$60080a45] is not eligible for getting processed by all BeanPostProcessors (for example: not eligible for auto-proxying)
2016-11-21 20:03:05,064  INFO TomcatEmbeddedServletContainer:81 - Tomcat initialized with port(s): 8080 (http)
2016-11-21 20:03:05,072  INFO StandardService:180 - Starting service Tomcat
2016-11-21 20:03:05,073  INFO StandardEngine:180 - Starting Servlet Engine: Apache Tomcat/8.0.32
2016-11-21 20:03:05,134  INFO [/]:180 - Initializing Spring embedded WebApplicationContext
2016-11-21 20:03:05,134  INFO ContextLoader:272 - Root WebApplicationContext: initialization completed in 1294 ms
2016-11-21 20:03:05,324  INFO ServletRegistrationBean:189 - Mapping servlet: 'dispatcherServlet' to [/]
2016-11-21 20:03:05,327  INFO FilterRegistrationBean:258 - Mapping filter: 'characterEncodingFilter' to: [/*]
2016-11-21 20:03:05,328  INFO FilterRegistrationBean:258 - Mapping filter: 'hiddenHttpMethodFilter' to: [/*]
2016-11-21 20:03:05,328  INFO FilterRegistrationBean:258 - Mapping filter: 'httpPutFormContentFilter' to: [/*]
2016-11-21 20:03:05,328  INFO FilterRegistrationBean:258 - Mapping filter: 'requestContextFilter' to: [/*]
2016-11-21 20:03:05,967  INFO RequestMappingHandlerMapping:534 - Mapped "{[/v1/phone/install],methods=[GET]}" onto public com.server.sms.json.JsonBean com.server.sms.controller.PhoneController.appInstall(java.lang.String,java.lang.String)
2016-11-21 20:03:05,968  INFO RequestMappingHandlerMapping:534 - Mapped "{[/v1/phone/delete],methods=[GET]}" onto public com.server.sms.json.JsonBean com.server.sms.controller.PhoneController.appDelete(java.lang.String,java.lang.String)
2016-11-21 20:03:05,968  INFO RequestMappingHandlerMapping:534 - Mapped "{[/v1/phone/sms],methods=[POST]}" onto public com.server.sms.json.JsonBean com.server.sms.controller.PhoneController.smsPOST(java.lang.String,java.lang.String,java.lang.String,long,java.lang.String)
2016-11-21 20:03:05,970  INFO RequestMappingHandlerMapping:534 - Mapped "{[/v1/manager_users/password_check],methods=[GET]}" onto public com.server.sms.json.JsonBean com.server.sms.controller.UserController.PasswordCheck(java.lang.String,java.lang.String)
2016-11-21 20:03:05,971  INFO RequestMappingHandlerMapping:534 - Mapped "{[/v1/manager_users/password],methods=[GET]}" onto public com.server.sms.json.JsonBean com.server.sms.controller.UserController.Password(java.lang.String,java.lang.String)
2016-11-21 20:03:05,971  INFO RequestMappingHandlerMapping:534 - Mapped "{[/v1/manager_users/reset_password],methods=[POST]}" onto public com.server.sms.json.JsonBean com.server.sms.controller.UserController.ResetPassword(java.lang.String,java.lang.String)
2016-11-21 20:03:05,971  INFO RequestMappingHandlerMapping:534 - Mapped "{[/v1/manager_users/logout],methods=[POST]}" onto public com.server.sms.json.JsonBean com.server.sms.controller.UserController.LogOut(java.lang.String)
2016-11-21 20:03:05,972  INFO RequestMappingHandlerMapping:534 - Mapped "{[/v1/manager_users/token_check],methods=[GET]}" onto public com.server.sms.json.JsonBean com.server.sms.controller.UserController.TokenCheck(java.lang.String)
2016-11-21 20:03:05,973  INFO RequestMappingHandlerMapping:534 - Mapped "{[/v1/user_phone/sms/imei/msgid],methods=[PUT]}" onto public com.server.sms.json.JsonBean com.server.sms.controller.UserPhoneController.smsPut(java.lang.String,java.lang.String,java.lang.String,long,java.lang.String,java.lang.String)
2016-11-21 20:03:05,975  INFO RequestMappingHandlerMapping:534 - Mapped "{[/v1/user_phone/sms/imei/msgid],methods=[DELETE]}" onto public com.server.sms.json.JsonBean com.server.sms.controller.UserPhoneController.smsDELETE(java.lang.String,java.lang.String,java.lang.String,java.lang.String)
2016-11-21 20:03:05,975  INFO RequestMappingHandlerMapping:534 - Mapped "{[/v1/user_phone/sms/imei],methods=[POST]}" onto public com.server.sms.json.JsonBean com.server.sms.controller.UserPhoneController.smsPOST(java.lang.String,java.lang.String,java.lang.String,long,java.lang.String)
2016-11-21 20:03:05,976  INFO RequestMappingHandlerMapping:534 - Mapped "{[/v1/user_phone/phone],methods=[GET]}" onto public com.server.sms.json.JsonBean com.server.sms.controller.UserPhoneController.phones(java.lang.String,java.lang.String)
2016-11-21 20:03:05,976  INFO RequestMappingHandlerMapping:534 - Mapped "{[/v1/user_phone/phone],methods=[PUT]}" onto public com.server.sms.json.JsonBean com.server.sms.controller.UserPhoneController.phonesEdit(java.lang.String,java.lang.String,java.lang.String,java.lang.String)
2016-11-21 20:03:05,976  INFO RequestMappingHandlerMapping:534 - Mapped "{[/v1/user_phone/phones],methods=[GET]}" onto public com.server.sms.json.JsonBean com.server.sms.controller.UserPhoneController.phonesAll(java.lang.String)
2016-11-21 20:03:05,976  INFO RequestMappingHandlerMapping:534 - Mapped "{[/v1/user_phone/phone],methods=[DELETE]}" onto public com.server.sms.json.JsonBean com.server.sms.controller.UserPhoneController.phonesDelete(java.lang.String,java.lang.String)
2016-11-21 20:03:05,976  INFO RequestMappingHandlerMapping:534 - Mapped "{[/v1/user_phone/sms/imei],methods=[GET]}" onto public com.server.sms.json.JsonBean com.server.sms.controller.UserPhoneController.smsGetAll(java.lang.String,java.lang.String)
2016-11-21 20:03:05,977  INFO RequestMappingHandlerMapping:534 - Mapped "{[/v1/user_phone/sms/imei/phone],methods=[GET]}" onto public com.server.sms.json.JsonBean com.server.sms.controller.UserPhoneController.smsGet(java.lang.String,java.lang.String,java.lang.String)
2016-11-21 20:03:05,977  INFO RequestMappingHandlerMapping:534 - Mapped "{[/v1/user_phone/sms/imei/show],methods=[GET]}" onto public com.server.sms.json.JsonBean com.server.sms.controller.UserPhoneController.smsShow(java.lang.String,java.lang.String)
2016-11-21 20:03:05,977  INFO RequestMappingHandlerMapping:534 - Mapped "{[/v1/user_phone/sms/imei/msgid],methods=[GET]}" onto public com.server.sms.json.JsonBean com.server.sms.controller.UserPhoneController.smsidGet(java.lang.String,java.lang.String,java.lang.String)
2016-11-21 20:03:05,978  INFO RequestMappingHandlerMapping:534 - Mapped "{[/v2/api-docs],methods=[GET],produces=[application/json || application/hal+json]}" onto public org.springframework.http.ResponseEntity<springfox.documentation.spring.web.json.Json> springfox.documentation.swagger2.web.Swagger2Controller.getDocumentation(java.lang.String,javax.servlet.http.HttpServletRequest)
2016-11-21 20:03:05,982  INFO RequestMappingHandlerMapping:534 - Mapped "{[/configuration/security]}" onto org.springframework.http.ResponseEntity<springfox.documentation.swagger.web.SecurityConfiguration> springfox.documentation.swagger.web.ApiResourceController.securityConfiguration()
2016-11-21 20:03:05,983  INFO RequestMappingHandlerMapping:534 - Mapped "{[/configuration/ui]}" onto org.springframework.http.ResponseEntity<springfox.documentation.swagger.web.UiConfiguration> springfox.documentation.swagger.web.ApiResourceController.uiConfiguration()
2016-11-21 20:03:05,984  INFO RequestMappingHandlerMapping:534 - Mapped "{[/swagger-resources]}" onto org.springframework.http.ResponseEntity<java.util.List<springfox.documentation.swagger.web.SwaggerResource>> springfox.documentation.swagger.web.ApiResourceController.swaggerResources()
2016-11-21 20:03:05,987  INFO RequestMappingHandlerMapping:534 - Mapped "{[/error]}" onto public org.springframework.http.ResponseEntity<java.util.Map<java.lang.String, java.lang.Object>> org.springframework.boot.autoconfigure.web.BasicErrorController.error(javax.servlet.http.HttpServletRequest)
2016-11-21 20:03:05,987  INFO RequestMappingHandlerMapping:534 - Mapped "{[/error],produces=[text/html]}" onto public org.springframework.web.servlet.ModelAndView org.springframework.boot.autoconfigure.web.BasicErrorController.errorHtml(javax.servlet.http.HttpServletRequest,javax.servlet.http.HttpServletResponse)
2016-11-21 20:03:06,138  INFO RequestMappingHandlerAdapter:532 - Looking for @ControllerAdvice: org.springframework.boot.context.embedded.AnnotationConfigEmbeddedWebApplicationContext@1e3380a6: startup date [Mon Nov 21 20:03:03 CST 2016]; root of context hierarchy
2016-11-21 20:03:06,181  INFO SimpleUrlHandlerMapping:341 - Mapped URL path [/webjars/**] onto handler of type [class org.springframework.web.servlet.resource.ResourceHttpRequestHandler]
2016-11-21 20:03:06,181  INFO SimpleUrlHandlerMapping:341 - Mapped URL path [/**] onto handler of type [class org.springframework.web.servlet.resource.ResourceHttpRequestHandler]
2016-11-21 20:03:06,213  INFO SimpleUrlHandlerMapping:341 - Mapped URL path [/**/favicon.ico] onto handler of type [class org.springframework.web.servlet.resource.ResourceHttpRequestHandler]
2016-11-21 20:03:06,358  INFO AnnotationMBeanExporter:431 - Registering beans for JMX exposure on startup
2016-11-21 20:03:06,367  INFO DocumentationPluginsBootstrapper:84 - Context refreshed
2016-11-21 20:03:06,383  INFO DocumentationPluginsBootstrapper:87 - Found 1 custom documentation plugin(s)
2016-11-21 20:03:06,393  INFO ApiListingReferenceScanner:44 - Scanning for api listing references
2016-11-21 20:03:06,555  INFO CachingOperationNameGenerator:40 - Generating unique operation named: smsPOSTUsingPOST_1
2016-11-21 20:03:06,597  INFO Http11NioProtocol:180 - Initializing ProtocolHandler ["http-nio-8080"]
2016-11-21 20:03:06,604  INFO Http11NioProtocol:180 - Starting ProtocolHandler ["http-nio-8080"]
2016-11-21 20:03:06,607 ERROR Http11NioProtocol:182 - Failed to start end point associated with ProtocolHandler ["http-nio-8080"]
java.net.BindException: Address already in use: bind
	at sun.nio.ch.Net.bind0(Native Method)
	at sun.nio.ch.Net.bind(Net.java:433)
	at sun.nio.ch.Net.bind(Net.java:425)
	at sun.nio.ch.ServerSocketChannelImpl.bind(ServerSocketChannelImpl.java:223)
	at sun.nio.ch.ServerSocketAdaptor.bind(ServerSocketAdaptor.java:74)
	at org.apache.tomcat.util.net.NioEndpoint.bind(NioEndpoint.java:340)
	at org.apache.tomcat.util.net.AbstractEndpoint.start(AbstractEndpoint.java:765)
	at org.apache.coyote.AbstractProtocol.start(AbstractProtocol.java:473)
	at org.apache.catalina.connector.Connector.startInternal(Connector.java:986)
	at org.apache.catalina.util.LifecycleBase.start(LifecycleBase.java:147)
	at org.apache.catalina.core.StandardService.addConnector(StandardService.java:239)
	at org.springframework.boot.context.embedded.tomcat.TomcatEmbeddedServletContainer.addPreviouslyRemovedConnectors(TomcatEmbeddedServletContainer.java:194)
	at org.springframework.boot.context.embedded.tomcat.TomcatEmbeddedServletContainer.start(TomcatEmbeddedServletContainer.java:151)
	at org.springframework.boot.context.embedded.EmbeddedWebApplicationContext.startEmbeddedServletContainer(EmbeddedWebApplicationContext.java:293)
	at org.springframework.boot.context.embedded.EmbeddedWebApplicationContext.finishRefresh(EmbeddedWebApplicationContext.java:141)
	at org.springframework.context.support.AbstractApplicationContext.refresh(AbstractApplicationContext.java:541)
	at org.springframework.boot.context.embedded.EmbeddedWebApplicationContext.refresh(EmbeddedWebApplicationContext.java:118)
	at org.springframework.boot.SpringApplication.refresh(SpringApplication.java:766)
	at org.springframework.boot.SpringApplication.createAndRefreshContext(SpringApplication.java:361)
	at org.springframework.boot.SpringApplication.run(SpringApplication.java:307)
	at org.springframework.boot.SpringApplication.run(SpringApplication.java:1191)
	at org.springframework.boot.SpringApplication.run(SpringApplication.java:1180)
	at com.server.sms.Application.main(Application.java:17)
	at sun.reflect.NativeMethodAccessorImpl.invoke0(Native Method)
	at sun.reflect.NativeMethodAccessorImpl.invoke(NativeMethodAccessorImpl.java:62)
	at sun.reflect.DelegatingMethodAccessorImpl.invoke(DelegatingMethodAccessorImpl.java:43)
	at java.lang.reflect.Method.invoke(Method.java:498)
	at org.springframework.boot.maven.AbstractRunMojo$LaunchRunner.run(AbstractRunMojo.java:478)
	at java.lang.Thread.run(Thread.java:745)
2016-11-21 20:03:06,609 ERROR StandardService:182 - Failed to start connector [Connector[HTTP/1.1-8080]]
org.apache.catalina.LifecycleException: Failed to start component [Connector[HTTP/1.1-8080]]
	at org.apache.catalina.util.LifecycleBase.start(LifecycleBase.java:153)
	at org.apache.catalina.core.StandardService.addConnector(StandardService.java:239)
	at org.springframework.boot.context.embedded.tomcat.TomcatEmbeddedServletContainer.addPreviouslyRemovedConnectors(TomcatEmbeddedServletContainer.java:194)
	at org.springframework.boot.context.embedded.tomcat.TomcatEmbeddedServletContainer.start(TomcatEmbeddedServletContainer.java:151)
	at org.springframework.boot.context.embedded.EmbeddedWebApplicationContext.startEmbeddedServletContainer(EmbeddedWebApplicationContext.java:293)
	at org.springframework.boot.context.embedded.EmbeddedWebApplicationContext.finishRefresh(EmbeddedWebApplicationContext.java:141)
	at org.springframework.context.support.AbstractApplicationContext.refresh(AbstractApplicationContext.java:541)
	at org.springframework.boot.context.embedded.EmbeddedWebApplicationContext.refresh(EmbeddedWebApplicationContext.java:118)
	at org.springframework.boot.SpringApplication.refresh(SpringApplication.java:766)
	at org.springframework.boot.SpringApplication.createAndRefreshContext(SpringApplication.java:361)
	at org.springframework.boot.SpringApplication.run(SpringApplication.java:307)
	at org.springframework.boot.SpringApplication.run(SpringApplication.java:1191)
	at org.springframework.boot.SpringApplication.run(SpringApplication.java:1180)
	at com.server.sms.Application.main(Application.java:17)
	at sun.reflect.NativeMethodAccessorImpl.invoke0(Native Method)
	at sun.reflect.NativeMethodAccessorImpl.invoke(NativeMethodAccessorImpl.java:62)
	at sun.reflect.DelegatingMethodAccessorImpl.invoke(DelegatingMethodAccessorImpl.java:43)
	at java.lang.reflect.Method.invoke(Method.java:498)
	at org.springframework.boot.maven.AbstractRunMojo$LaunchRunner.run(AbstractRunMojo.java:478)
	at java.lang.Thread.run(Thread.java:745)
Caused by: org.apache.catalina.LifecycleException: service.getName(): "Tomcat";  Protocol handler start failed
	at org.apache.catalina.connector.Connector.startInternal(Connector.java:993)
	at org.apache.catalina.util.LifecycleBase.start(LifecycleBase.java:147)
	... 19 more
Caused by: java.net.BindException: Address already in use: bind
	at sun.nio.ch.Net.bind0(Native Method)
	at sun.nio.ch.Net.bind(Net.java:433)
	at sun.nio.ch.Net.bind(Net.java:425)
	at sun.nio.ch.ServerSocketChannelImpl.bind(ServerSocketChannelImpl.java:223)
	at sun.nio.ch.ServerSocketAdaptor.bind(ServerSocketAdaptor.java:74)
	at org.apache.tomcat.util.net.NioEndpoint.bind(NioEndpoint.java:340)
	at org.apache.tomcat.util.net.AbstractEndpoint.start(AbstractEndpoint.java:765)
	at org.apache.coyote.AbstractProtocol.start(AbstractProtocol.java:473)
	at org.apache.catalina.connector.Connector.startInternal(Connector.java:986)
	... 20 more
2016-11-21 20:03:06,615  INFO Http11NioProtocol:180 - Pausing ProtocolHandler ["http-nio-8080"]
2016-11-21 20:03:06,615  INFO StandardService:180 - Stopping service Tomcat
2016-11-21 20:03:06,621  WARN WebappClassLoaderBase:180 - The web application [ROOT] appears to have started a thread named [Abandoned connection cleanup thread] but has failed to stop it. This is very likely to create a memory leak. Stack trace of thread:
 java.lang.Object.wait(Native Method)
 java.lang.ref.ReferenceQueue.remove(ReferenceQueue.java:143)
 java.lang.ref.ReferenceQueue.remove(ReferenceQueue.java:164)
 com.mysql.jdbc.NonRegisteringDriver$1.run(NonRegisteringDriver.java:93)
2016-11-21 20:03:06,626  INFO LifecycleBase:180 - The stop() method was called on component [StandardServer[-1]] after stop() had already been called. The second call will be ignored.
2016-11-21 20:03:06,627  INFO Http11NioProtocol:180 - Stopping ProtocolHandler ["http-nio-8080"]
2016-11-21 20:03:06,627  INFO Http11NioProtocol:180 - Destroying ProtocolHandler ["http-nio-8080"]
2016-11-21 20:03:06,628 ERROR SpringApplication:827 - Application startup failed
org.springframework.boot.context.embedded.EmbeddedServletContainerException: Unable to start embedded Tomcat servlet container
	at org.springframework.boot.context.embedded.tomcat.TomcatEmbeddedServletContainer.start(TomcatEmbeddedServletContainer.java:165)
	at org.springframework.boot.context.embedded.EmbeddedWebApplicationContext.startEmbeddedServletContainer(EmbeddedWebApplicationContext.java:293)
	at org.springframework.boot.context.embedded.EmbeddedWebApplicationContext.finishRefresh(EmbeddedWebApplicationContext.java:141)
	at org.springframework.context.support.AbstractApplicationContext.refresh(AbstractApplicationContext.java:541)
	at org.springframework.boot.context.embedded.EmbeddedWebApplicationContext.refresh(EmbeddedWebApplicationContext.java:118)
	at org.springframework.boot.SpringApplication.refresh(SpringApplication.java:766)
	at org.springframework.boot.SpringApplication.createAndRefreshContext(SpringApplication.java:361)
	at org.springframework.boot.SpringApplication.run(SpringApplication.java:307)
	at org.springframework.boot.SpringApplication.run(SpringApplication.java:1191)
	at org.springframework.boot.SpringApplication.run(SpringApplication.java:1180)
	at com.server.sms.Application.main(Application.java:17)
	at sun.reflect.NativeMethodAccessorImpl.invoke0(Native Method)
	at sun.reflect.NativeMethodAccessorImpl.invoke(NativeMethodAccessorImpl.java:62)
	at sun.reflect.DelegatingMethodAccessorImpl.invoke(DelegatingMethodAccessorImpl.java:43)
	at java.lang.reflect.Method.invoke(Method.java:498)
	at org.springframework.boot.maven.AbstractRunMojo$LaunchRunner.run(AbstractRunMojo.java:478)
	at java.lang.Thread.run(Thread.java:745)
Caused by: java.lang.IllegalStateException: Tomcat connector in failed state
	at org.springframework.boot.context.embedded.tomcat.TomcatEmbeddedServletContainer.start(TomcatEmbeddedServletContainer.java:159)
	... 16 more
2016-11-21 20:03:06,629  INFO ClasspathLoggingApplicationListener:57 - Application failed to start with classpath: [file:/E:/GitHub/SmsServer/target/classes/, file:/C:/Users/Administrator/.m2/repository/io/springfox/springfox-spring-web/2.4.0/springfox-spring-web-2.4.0.jar, file:/C:/Users/Administrator/.m2/repository/org/apache/tomcat/embed/tomcat-embed-core/8.0.32/tomcat-embed-core-8.0.32.jar, file:/C:/Users/Administrator/.m2/repository/org/springframework/spring-tx/4.2.5.RELEASE/spring-tx-4.2.5.RELEASE.jar, file:/C:/Users/Administrator/.m2/repository/cn/jpush/api/jpush-client/3.2.9/jpush-client-3.2.9.jar, file:/C:/Users/Administrator/.m2/repository/log4j/log4j/1.2.17/log4j-1.2.17.jar, file:/C:/Users/Administrator/.m2/repository/aopalliance/aopalliance/1.0/aopalliance-1.0.jar, file:/C:/Users/Administrator/.m2/repository/org/springframework/boot/spring-boot-autoconfigure/1.3.3.RELEASE/spring-boot-autoconfigure-1.3.3.RELEASE.jar, file:/C:/Users/Administrator/.m2/repository/org/hibernate/hibernate-validator/5.2.4.Final/hibernate-validator-5.2.4.Final.jar, file:/C:/Users/Administrator/.m2/repository/com/fasterxml/jackson/core/jackson-databind/2.6.5/jackson-databind-2.6.5.jar, file:/C:/Users/Administrator/.m2/repository/com/fasterxml/classmate/1.3.1/classmate-1.3.1.jar, file:/C:/Users/Administrator/.m2/repository/com/fasterxml/jackson/core/jackson-annotations/2.6.5/jackson-annotations-2.6.5.jar, file:/C:/Users/Administrator/.m2/repository/io/springfox/springfox-swagger2/2.4.0/springfox-swagger2-2.4.0.jar, file:/C:/Users/Administrator/.m2/repository/org/slf4j/slf4j-api/1.7.16/slf4j-api-1.7.16.jar, file:/C:/Users/Administrator/.m2/repository/org/springframework/spring-core/4.2.5.RELEASE/spring-core-4.2.5.RELEASE.jar, file:/C:/Users/Administrator/.m2/repository/mysql/mysql-connector-java/5.1.21/mysql-connector-java-5.1.21.jar, file:/C:/Users/Administrator/.m2/repository/org/springframework/boot/spring-boot-starter/1.3.3.RELEASE/spring-boot-starter-1.3.3.RELEASE.jar, file:/C:/Users/Administrator/.m2/repository/org/springframework/plugin/spring-plugin-metadata/1.2.0.RELEASE/spring-plugin-metadata-1.2.0.RELEASE.jar, file:/C:/Users/Administrator/.m2/repository/org/springframework/spring-web/4.2.5.RELEASE/spring-web-4.2.5.RELEASE.jar, file:/C:/Users/Administrator/.m2/repository/io/springfox/springfox-spi/2.4.0/springfox-spi-2.4.0.jar, file:/C:/Users/Administrator/.m2/repository/org/mybatis/mybatis-spring/1.3.0/mybatis-spring-1.3.0.jar, file:/C:/Users/Administrator/.m2/repository/org/springframework/boot/spring-boot-starter-tomcat/1.3.3.RELEASE/spring-boot-starter-tomcat-1.3.3.RELEASE.jar, file:/C:/Users/Administrator/.m2/repository/javax/validation/validation-api/1.1.0.Final/validation-api-1.1.0.Final.jar, file:/C:/Users/Administrator/.m2/repository/com/google/code/gson/gson/2.2.4/gson-2.2.4.jar, file:/C:/Users/Administrator/.m2/repository/org/springframework/spring-webmvc/4.2.5.RELEASE/spring-webmvc-4.2.5.RELEASE.jar, file:/C:/Users/Administrator/.m2/repository/org/apache/tomcat/embed/tomcat-embed-logging-juli/8.0.32/tomcat-embed-logging-juli-8.0.32.jar, file:/C:/Users/Administrator/.m2/repository/org/springframework/spring-expression/4.2.5.RELEASE/spring-expression-4.2.5.RELEASE.jar, file:/C:/Users/Administrator/.m2/repository/org/apache/tomcat/embed/tomcat-embed-el/8.0.32/tomcat-embed-el-8.0.32.jar, file:/C:/Users/Administrator/.m2/repository/org/yaml/snakeyaml/1.16/snakeyaml-1.16.jar, file:/C:/Users/Administrator/.m2/repository/io/swagger/swagger-annotations/1.5.6/swagger-annotations-1.5.6.jar, file:/C:/Users/Administrator/.m2/repository/org/springframework/boot/spring-boot-starter-web/1.3.3.RELEASE/spring-boot-starter-web-1.3.3.RELEASE.jar, file:/C:/Users/Administrator/.m2/repository/org/slf4j/jul-to-slf4j/1.7.16/jul-to-slf4j-1.7.16.jar, file:/C:/Users/Administrator/.m2/repository/org/springframework/spring-aop/4.2.5.RELEASE/spring-aop-4.2.5.RELEASE.jar, file:/C:/Users/Administrator/.m2/repository/org/springframework/spring-beans/4.2.5.RELEASE/spring-beans-4.2.5.RELEASE.jar, file:/C:/Users/Administrator/.m2/repository/org/springframework/boot/spring-boot-starter-jdbc/1.3.3.RELEASE/spring-boot-starter-jdbc-1.3.3.RELEASE.jar, file:/C:/Users/Administrator/.m2/repository/com/fasterxml/jackson/core/jackson-core/2.6.5/jackson-core-2.6.5.jar, file:/C:/Users/Administrator/.m2/repository/org/mybatis/spring/boot/mybatis-spring-boot-starter/1.1.1/mybatis-spring-boot-starter-1.1.1.jar, file:/C:/Users/Administrator/.m2/repository/io/springfox/springfox-swagger-ui/2.4.0/springfox-swagger-ui-2.4.0.jar, file:/C:/Users/Administrator/.m2/repository/org/springframework/boot/spring-boot/1.3.3.RELEASE/spring-boot-1.3.3.RELEASE.jar, file:/C:/Users/Administrator/.m2/repository/org/slf4j/slf4j-log4j12/1.7.16/slf4j-log4j12-1.7.16.jar, file:/C:/Users/Administrator/.m2/repository/org/apache/tomcat/tomcat-juli/8.0.32/tomcat-juli-8.0.32.jar, file:/C:/Users/Administrator/.m2/repository/org/springframework/boot/spring-boot-starter-log4j/1.3.3.RELEASE/spring-boot-starter-log4j-1.3.3.RELEASE.jar, file:/C:/Users/Administrator/.m2/repository/org/springframework/boot/spring-boot-starter-validation/1.3.3.RELEASE/spring-boot-starter-validation-1.3.3.RELEASE.jar, file:/C:/Users/Administrator/.m2/repository/com/google/guava/guava/18.0/guava-18.0.jar, file:/C:/Users/Administrator/.m2/repository/org/mybatis/spring/boot/mybatis-spring-boot-autoconfigure/1.1.1/mybatis-spring-boot-autoconfigure-1.1.1.jar, file:/C:/Users/Administrator/.m2/repository/org/springframework/spring-jdbc/4.2.5.RELEASE/spring-jdbc-4.2.5.RELEASE.jar, file:/C:/Users/Administrator/.m2/repository/org/apache/tomcat/embed/tomcat-embed-websocket/8.0.32/tomcat-embed-websocket-8.0.32.jar, file:/C:/Users/Administrator/.m2/repository/io/swagger/swagger-models/1.5.6/swagger-models-1.5.6.jar, file:/C:/Users/Administrator/.m2/repository/io/springfox/springfox-schema/2.4.0/springfox-schema-2.4.0.jar, file:/C:/Users/Administrator/.m2/repository/io/springfox/springfox-core/2.4.0/springfox-core-2.4.0.jar, file:/C:/Users/Administrator/.m2/repository/org/apache/tomcat/tomcat-jdbc/8.0.32/tomcat-jdbc-8.0.32.jar, file:/C:/Users/Administrator/.m2/repository/io/springfox/springfox-swagger-common/2.4.0/springfox-swagger-common-2.4.0.jar, file:/C:/Users/Administrator/.m2/repository/org/springframework/plugin/spring-plugin-core/1.2.0.RELEASE/spring-plugin-core-1.2.0.RELEASE.jar, file:/C:/Users/Administrator/.m2/repository/org/slf4j/jcl-over-slf4j/1.7.16/jcl-over-slf4j-1.7.16.jar, file:/C:/Users/Administrator/.m2/repository/org/springframework/spring-context/4.2.5.RELEASE/spring-context-4.2.5.RELEASE.jar, file:/C:/Users/Administrator/.m2/repository/org/jboss/logging/jboss-logging/3.3.0.Final/jboss-logging-3.3.0.Final.jar, file:/C:/Users/Administrator/.m2/repository/org/mybatis/mybatis/3.4.0/mybatis-3.4.0.jar]
2016-11-21 20:04:32,059  INFO Application:48 - Starting Application on PC-20160526KGVV with PID 23088 (E:\GitHub\SmsServer\target\classes started by Administrator in E:\GitHub\SmsServer)
2016-11-21 20:04:32,062  INFO Application:666 - No active profile set, falling back to default profiles: default
2016-11-21 20:04:32,161  INFO Version:30 - HV000001: Hibernate Validator 5.2.4.Final
2016-11-21 20:04:32,167  INFO AnnotationConfigEmbeddedWebApplicationContext:578 - Refreshing org.springframework.boot.context.embedded.AnnotationConfigEmbeddedWebApplicationContext@76d0f93: startup date [Mon Nov 21 20:04:32 CST 2016]; root of context hierarchy
2016-11-21 20:04:32,751  INFO DefaultListableBeanFactory:839 - Overriding bean definition for bean 'beanNameViewResolver' with a different definition: replacing [Root bean: class [null]; scope=; abstract=false; lazyInit=false; autowireMode=3; dependencyCheck=0; autowireCandidate=true; primary=false; factoryBeanName=org.springframework.boot.autoconfigure.web.ErrorMvcAutoConfiguration$WhitelabelErrorViewConfiguration; factoryMethodName=beanNameViewResolver; initMethodName=null; destroyMethodName=(inferred); defined in class path resource [org/springframework/boot/autoconfigure/web/ErrorMvcAutoConfiguration$WhitelabelErrorViewConfiguration.class]] with [Root bean: class [null]; scope=; abstract=false; lazyInit=false; autowireMode=3; dependencyCheck=0; autowireCandidate=true; primary=false; factoryBeanName=org.springframework.boot.autoconfigure.web.WebMvcAutoConfiguration$WebMvcAutoConfigurationAdapter; factoryMethodName=beanNameViewResolver; initMethodName=null; destroyMethodName=(inferred); defined in class path resource [org/springframework/boot/autoconfigure/web/WebMvcAutoConfiguration$WebMvcAutoConfigurationAdapter.class]]
2016-11-21 20:04:32,987  INFO PostProcessorRegistrationDelegate$BeanPostProcessorChecker:328 - Bean 'org.springframework.transaction.annotation.ProxyTransactionManagementConfiguration' of type [class org.springframework.transaction.annotation.ProxyTransactionManagementConfiguration$$EnhancerBySpringCGLIB$$f9db623a] is not eligible for getting processed by all BeanPostProcessors (for example: not eligible for auto-proxying)
2016-11-21 20:04:33,392  INFO TomcatEmbeddedServletContainer:81 - Tomcat initialized with port(s): 8080 (http)
2016-11-21 20:04:33,402  INFO StandardService:180 - Starting service Tomcat
2016-11-21 20:04:33,402  INFO StandardEngine:180 - Starting Servlet Engine: Apache Tomcat/8.0.32
2016-11-21 20:04:33,465  INFO [/]:180 - Initializing Spring embedded WebApplicationContext
2016-11-21 20:04:33,466  INFO ContextLoader:272 - Root WebApplicationContext: initialization completed in 1301 ms
2016-11-21 20:04:33,674  INFO ServletRegistrationBean:189 - Mapping servlet: 'dispatcherServlet' to [/]
2016-11-21 20:04:33,674  INFO FilterRegistrationBean:258 - Mapping filter: 'characterEncodingFilter' to: [/*]
2016-11-21 20:04:33,674  INFO FilterRegistrationBean:258 - Mapping filter: 'hiddenHttpMethodFilter' to: [/*]
2016-11-21 20:04:33,674  INFO FilterRegistrationBean:258 - Mapping filter: 'httpPutFormContentFilter' to: [/*]
2016-11-21 20:04:33,674  INFO FilterRegistrationBean:258 - Mapping filter: 'requestContextFilter' to: [/*]
2016-11-21 20:04:34,283  INFO RequestMappingHandlerMapping:534 - Mapped "{[/v1/phone/install],methods=[GET]}" onto public com.server.sms.json.JsonBean com.server.sms.controller.PhoneController.appInstall(java.lang.String,java.lang.String)
2016-11-21 20:04:34,283  INFO RequestMappingHandlerMapping:534 - Mapped "{[/v1/phone/delete],methods=[GET]}" onto public com.server.sms.json.JsonBean com.server.sms.controller.PhoneController.appDelete(java.lang.String,java.lang.String)
2016-11-21 20:04:34,283  INFO RequestMappingHandlerMapping:534 - Mapped "{[/v1/phone/sms],methods=[POST]}" onto public com.server.sms.json.JsonBean com.server.sms.controller.PhoneController.smsPOST(java.lang.String,java.lang.String,java.lang.String,long,java.lang.String)
2016-11-21 20:04:34,283  INFO RequestMappingHandlerMapping:534 - Mapped "{[/v1/manager_users/password_check],methods=[GET]}" onto public com.server.sms.json.JsonBean com.server.sms.controller.UserController.PasswordCheck(java.lang.String,java.lang.String)
2016-11-21 20:04:34,283  INFO RequestMappingHandlerMapping:534 - Mapped "{[/v1/manager_users/password],methods=[GET]}" onto public com.server.sms.json.JsonBean com.server.sms.controller.UserController.Password(java.lang.String,java.lang.String)
2016-11-21 20:04:34,283  INFO RequestMappingHandlerMapping:534 - Mapped "{[/v1/manager_users/reset_password],methods=[POST]}" onto public com.server.sms.json.JsonBean com.server.sms.controller.UserController.ResetPassword(java.lang.String,java.lang.String)
2016-11-21 20:04:34,283  INFO RequestMappingHandlerMapping:534 - Mapped "{[/v1/manager_users/logout],methods=[POST]}" onto public com.server.sms.json.JsonBean com.server.sms.controller.UserController.LogOut(java.lang.String)
2016-11-21 20:04:34,283  INFO RequestMappingHandlerMapping:534 - Mapped "{[/v1/manager_users/token_check],methods=[GET]}" onto public com.server.sms.json.JsonBean com.server.sms.controller.UserController.TokenCheck(java.lang.String)
2016-11-21 20:04:34,283  INFO RequestMappingHandlerMapping:534 - Mapped "{[/v1/user_phone/sms/imei],methods=[POST]}" onto public com.server.sms.json.JsonBean com.server.sms.controller.UserPhoneController.smsPOST(java.lang.String,java.lang.String,java.lang.String,long,java.lang.String)
2016-11-21 20:04:34,283  INFO RequestMappingHandlerMapping:534 - Mapped "{[/v1/user_phone/phone],methods=[GET]}" onto public com.server.sms.json.JsonBean com.server.sms.controller.UserPhoneController.phones(java.lang.String,java.lang.String)
2016-11-21 20:04:34,283  INFO RequestMappingHandlerMapping:534 - Mapped "{[/v1/user_phone/phone],methods=[PUT]}" onto public com.server.sms.json.JsonBean com.server.sms.controller.UserPhoneController.phonesEdit(java.lang.String,java.lang.String,java.lang.String,java.lang.String)
2016-11-21 20:04:34,283  INFO RequestMappingHandlerMapping:534 - Mapped "{[/v1/user_phone/phones],methods=[GET]}" onto public com.server.sms.json.JsonBean com.server.sms.controller.UserPhoneController.phonesAll(java.lang.String)
2016-11-21 20:04:34,283  INFO RequestMappingHandlerMapping:534 - Mapped "{[/v1/user_phone/phone],methods=[DELETE]}" onto public com.server.sms.json.JsonBean com.server.sms.controller.UserPhoneController.phonesDelete(java.lang.String,java.lang.String)
2016-11-21 20:04:34,283  INFO RequestMappingHandlerMapping:534 - Mapped "{[/v1/user_phone/sms/imei],methods=[GET]}" onto public com.server.sms.json.JsonBean com.server.sms.controller.UserPhoneController.smsGetAll(java.lang.String,java.lang.String)
2016-11-21 20:04:34,283  INFO RequestMappingHandlerMapping:534 - Mapped "{[/v1/user_phone/sms/imei/phone],methods=[GET]}" onto public com.server.sms.json.JsonBean com.server.sms.controller.UserPhoneController.smsGet(java.lang.String,java.lang.String,java.lang.String)
2016-11-21 20:04:34,283  INFO RequestMappingHandlerMapping:534 - Mapped "{[/v1/user_phone/sms/imei/show],methods=[GET]}" onto public com.server.sms.json.JsonBean com.server.sms.controller.UserPhoneController.smsShow(java.lang.String,java.lang.String)
2016-11-21 20:04:34,283  INFO RequestMappingHandlerMapping:534 - Mapped "{[/v1/user_phone/sms/imei/msgid],methods=[GET]}" onto public com.server.sms.json.JsonBean com.server.sms.controller.UserPhoneController.smsidGet(java.lang.String,java.lang.String,java.lang.String)
2016-11-21 20:04:34,293  INFO RequestMappingHandlerMapping:534 - Mapped "{[/v1/user_phone/sms/imei/msgid],methods=[PUT]}" onto public com.server.sms.json.JsonBean com.server.sms.controller.UserPhoneController.smsPut(java.lang.String,java.lang.String,java.lang.String,long,java.lang.String,java.lang.String)
2016-11-21 20:04:34,293  INFO RequestMappingHandlerMapping:534 - Mapped "{[/v1/user_phone/sms/imei/msgid],methods=[DELETE]}" onto public com.server.sms.json.JsonBean com.server.sms.controller.UserPhoneController.smsDELETE(java.lang.String,java.lang.String,java.lang.String,java.lang.String)
2016-11-21 20:04:34,293  INFO RequestMappingHandlerMapping:534 - Mapped "{[/v2/api-docs],methods=[GET],produces=[application/json || application/hal+json]}" onto public org.springframework.http.ResponseEntity<springfox.documentation.spring.web.json.Json> springfox.documentation.swagger2.web.Swagger2Controller.getDocumentation(java.lang.String,javax.servlet.http.HttpServletRequest)
2016-11-21 20:04:34,293  INFO RequestMappingHandlerMapping:534 - Mapped "{[/configuration/ui]}" onto org.springframework.http.ResponseEntity<springfox.documentation.swagger.web.UiConfiguration> springfox.documentation.swagger.web.ApiResourceController.uiConfiguration()
2016-11-21 20:04:34,293  INFO RequestMappingHandlerMapping:534 - Mapped "{[/swagger-resources]}" onto org.springframework.http.ResponseEntity<java.util.List<springfox.documentation.swagger.web.SwaggerResource>> springfox.documentation.swagger.web.ApiResourceController.swaggerResources()
2016-11-21 20:04:34,293  INFO RequestMappingHandlerMapping:534 - Mapped "{[/configuration/security]}" onto org.springframework.http.ResponseEntity<springfox.documentation.swagger.web.SecurityConfiguration> springfox.documentation.swagger.web.ApiResourceController.securityConfiguration()
2016-11-21 20:04:34,293  INFO RequestMappingHandlerMapping:534 - Mapped "{[/error]}" onto public org.springframework.http.ResponseEntity<java.util.Map<java.lang.String, java.lang.Object>> org.springframework.boot.autoconfigure.web.BasicErrorController.error(javax.servlet.http.HttpServletRequest)
2016-11-21 20:04:34,293  INFO RequestMappingHandlerMapping:534 - Mapped "{[/error],produces=[text/html]}" onto public org.springframework.web.servlet.ModelAndView org.springframework.boot.autoconfigure.web.BasicErrorController.errorHtml(javax.servlet.http.HttpServletRequest,javax.servlet.http.HttpServletResponse)
2016-11-21 20:04:34,452  INFO RequestMappingHandlerAdapter:532 - Looking for @ControllerAdvice: org.springframework.boot.context.embedded.AnnotationConfigEmbeddedWebApplicationContext@76d0f93: startup date [Mon Nov 21 20:04:32 CST 2016]; root of context hierarchy
2016-11-21 20:04:34,484  INFO SimpleUrlHandlerMapping:341 - Mapped URL path [/webjars/**] onto handler of type [class org.springframework.web.servlet.resource.ResourceHttpRequestHandler]
2016-11-21 20:04:34,484  INFO SimpleUrlHandlerMapping:341 - Mapped URL path [/**] onto handler of type [class org.springframework.web.servlet.resource.ResourceHttpRequestHandler]
2016-11-21 20:04:34,514  INFO SimpleUrlHandlerMapping:341 - Mapped URL path [/**/favicon.ico] onto handler of type [class org.springframework.web.servlet.resource.ResourceHttpRequestHandler]
2016-11-21 20:04:34,655  INFO AnnotationMBeanExporter:431 - Registering beans for JMX exposure on startup
2016-11-21 20:04:34,666  INFO DocumentationPluginsBootstrapper:84 - Context refreshed
2016-11-21 20:04:34,682  INFO DocumentationPluginsBootstrapper:87 - Found 1 custom documentation plugin(s)
2016-11-21 20:04:34,685  INFO ApiListingReferenceScanner:44 - Scanning for api listing references
2016-11-21 20:04:34,858  INFO CachingOperationNameGenerator:40 - Generating unique operation named: smsPOSTUsingPOST_1
2016-11-21 20:04:34,893  INFO Http11NioProtocol:180 - Initializing ProtocolHandler ["http-nio-8080"]
2016-11-21 20:04:34,893  INFO Http11NioProtocol:180 - Starting ProtocolHandler ["http-nio-8080"]
2016-11-21 20:04:34,903  INFO NioSelectorPool:180 - Using a shared selector for servlet write/read
2016-11-21 20:04:34,923  INFO TomcatEmbeddedServletContainer:162 - Tomcat started on port(s): 8080 (http)
2016-11-21 20:04:34,923  INFO Application:57 - Started Application in 3.159 seconds (JVM running for 5.072)
2016-11-21 20:04:34,923  INFO Application:18 - ============= SpringBoot Start Success =============
